{"__type":"$$EventMessageWorkflow","id":"b6e7b12a-5eb3-4ee9-ac30-0a82e7827f13","ts":"2025-10-06T13:15:20.078+08:00","eventName":"n8n.workflow.started","message":"n8n.workflow.started","payload":{"executionId":"443","workflowId":"I3musaDYyO2Ask6D","isManual":false,"workflowName":"ExpenseTracker-MainProcess"}}
{"__type":"$$EventMessageConfirm","confirm":"b6e7b12a-5eb3-4ee9-ac30-0a82e7827f13","ts":"2025-10-06T13:15:20.078+08:00","source":{"id":"0","name":"eventBus"}}
{"__type":"$$EventMessageNode","id":"214b3921-9015-4e0d-a904-4de2e3673308","ts":"2025-10-06T13:15:20.078+08:00","eventName":"n8n.node.started","message":"n8n.node.started","payload":{"workflowId":"I3musaDYyO2Ask6D","workflowName":"ExpenseTracker-MainProcess","executionId":"443","nodeType":"n8n-nodes-base.scheduleTrigger","nodeName":"Schedule Trigger","nodeId":"641af050-ce3a-41e6-98eb-30acf82ccc6f"}}
{"__type":"$$EventMessageConfirm","confirm":"214b3921-9015-4e0d-a904-4de2e3673308","ts":"2025-10-06T13:15:20.078+08:00","source":{"id":"0","name":"eventBus"}}
{"__type":"$$EventMessageNode","id":"f2ac1061-7457-48e7-bc2c-70a737adc95a","ts":"2025-10-06T13:15:20.079+08:00","eventName":"n8n.node.finished","message":"n8n.node.finished","payload":{"workflowId":"I3musaDYyO2Ask6D","workflowName":"ExpenseTracker-MainProcess","executionId":"443","nodeType":"n8n-nodes-base.scheduleTrigger","nodeName":"Schedule Trigger","nodeId":"641af050-ce3a-41e6-98eb-30acf82ccc6f"}}
{"__type":"$$EventMessageConfirm","confirm":"f2ac1061-7457-48e7-bc2c-70a737adc95a","ts":"2025-10-06T13:15:20.079+08:00","source":{"id":"0","name":"eventBus"}}
{"__type":"$$EventMessageNode","id":"94477002-72e2-4de8-bc7a-638468d98f7a","ts":"2025-10-06T13:15:20.079+08:00","eventName":"n8n.node.started","message":"n8n.node.started","payload":{"workflowId":"I3musaDYyO2Ask6D","workflowName":"ExpenseTracker-MainProcess","executionId":"443","nodeType":"n8n-nodes-base.redis","nodeName":"Redis1","nodeId":"d3d9ed7d-c9e7-453e-bacc-c09e1a4f2818"}}
{"__type":"$$EventMessageConfirm","confirm":"94477002-72e2-4de8-bc7a-638468d98f7a","ts":"2025-10-06T13:15:20.079+08:00","source":{"id":"0","name":"eventBus"}}
{"__type":"$$EventMessageNode","id":"04e0ae7e-5523-4042-92c1-ac6940d14892","ts":"2025-10-06T13:15:20.093+08:00","eventName":"n8n.node.finished","message":"n8n.node.finished","payload":{"workflowId":"I3musaDYyO2Ask6D","workflowName":"ExpenseTracker-MainProcess","executionId":"443","nodeType":"n8n-nodes-base.redis","nodeName":"Redis1","nodeId":"d3d9ed7d-c9e7-453e-bacc-c09e1a4f2818"}}
{"__type":"$$EventMessageConfirm","confirm":"04e0ae7e-5523-4042-92c1-ac6940d14892","ts":"2025-10-06T13:15:20.093+08:00","source":{"id":"0","name":"eventBus"}}
{"__type":"$$EventMessageNode","id":"f550a97d-0511-419f-bfb2-c19786e944dd","ts":"2025-10-06T13:15:20.093+08:00","eventName":"n8n.node.started","message":"n8n.node.started","payload":{"workflowId":"I3musaDYyO2Ask6D","workflowName":"ExpenseTracker-MainProcess","executionId":"443","nodeType":"n8n-nodes-base.code","nodeName":"Code in JavaScript","nodeId":"d8000e14-2e2c-4f10-8e59-8b5af4d60c0d"}}
{"__type":"$$EventMessageConfirm","confirm":"f550a97d-0511-419f-bfb2-c19786e944dd","ts":"2025-10-06T13:15:20.093+08:00","source":{"id":"0","name":"eventBus"}}
{"__type":"$$EventMessageRunner","id":"f7ae979e-8c83-4a84-88dd-0b36f33a9e5a","ts":"2025-10-06T13:15:20.095+08:00","eventName":"n8n.runner.task.requested","message":"n8n.runner.task.requested","payload":{"taskId":"9sOtHjJp","nodeId":"d8000e14-2e2c-4f10-8e59-8b5af4d60c0d","workflowId":"I3musaDYyO2Ask6D","executionId":"443"}}
{"__type":"$$EventMessageConfirm","confirm":"f7ae979e-8c83-4a84-88dd-0b36f33a9e5a","ts":"2025-10-06T13:15:20.095+08:00","source":{"id":"0","name":"eventBus"}}
{"__type":"$$EventMessageRunner","id":"865fed52-d7bb-4ed4-b318-069196cb8485","ts":"2025-10-06T13:15:20.132+08:00","eventName":"n8n.runner.response.received","message":"n8n.runner.response.received","payload":{"taskId":"9sOtHjJp","nodeId":"d8000e14-2e2c-4f10-8e59-8b5af4d60c0d","workflowId":"I3musaDYyO2Ask6D","executionId":"443"}}
{"__type":"$$EventMessageConfirm","confirm":"865fed52-d7bb-4ed4-b318-069196cb8485","ts":"2025-10-06T13:15:20.132+08:00","source":{"id":"0","name":"eventBus"}}
{"__type":"$$EventMessageNode","id":"2203a5c6-705e-4b86-a00c-0913b3fab853","ts":"2025-10-06T13:15:20.133+08:00","eventName":"n8n.node.finished","message":"n8n.node.finished","payload":{"workflowId":"I3musaDYyO2Ask6D","workflowName":"ExpenseTracker-MainProcess","executionId":"443","nodeType":"n8n-nodes-base.code","nodeName":"Code in JavaScript","nodeId":"d8000e14-2e2c-4f10-8e59-8b5af4d60c0d"}}
{"__type":"$$EventMessageConfirm","confirm":"2203a5c6-705e-4b86-a00c-0913b3fab853","ts":"2025-10-06T13:15:20.133+08:00","source":{"id":"0","name":"eventBus"}}
{"__type":"$$EventMessageWorkflow","id":"4e538de5-e990-46d1-9e6f-b41475b0e415","ts":"2025-10-06T13:15:20.133+08:00","eventName":"n8n.workflow.success","message":"n8n.workflow.success","payload":{"executionId":"443","success":true,"isManual":false,"workflowId":"I3musaDYyO2Ask6D","workflowName":"ExpenseTracker-MainProcess"}}
{"__type":"$$EventMessageConfirm","confirm":"4e538de5-e990-46d1-9e6f-b41475b0e415","ts":"2025-10-06T13:15:20.133+08:00","source":{"id":"0","name":"eventBus"}}
{"__type":"$$EventMessageWorkflow","id":"d8004a0c-3daf-4ff3-bc70-2f84cda16e3c","ts":"2025-10-06T13:15:30.061+08:00","eventName":"n8n.workflow.started","message":"n8n.workflow.started","payload":{"executionId":"444","workflowId":"I3musaDYyO2Ask6D","isManual":false,"workflowName":"ExpenseTracker-MainProcess"}}
{"__type":"$$EventMessageConfirm","confirm":"d8004a0c-3daf-4ff3-bc70-2f84cda16e3c","ts":"2025-10-06T13:15:30.062+08:00","source":{"id":"0","name":"eventBus"}}
{"__type":"$$EventMessageNode","id":"8ebe3b4e-e23a-4961-b2a0-6ab8955e7c12","ts":"2025-10-06T13:15:30.062+08:00","eventName":"n8n.node.started","message":"n8n.node.started","payload":{"workflowId":"I3musaDYyO2Ask6D","workflowName":"ExpenseTracker-MainProcess","executionId":"444","nodeType":"n8n-nodes-base.scheduleTrigger","nodeName":"Schedule Trigger","nodeId":"641af050-ce3a-41e6-98eb-30acf82ccc6f"}}
{"__type":"$$EventMessageConfirm","confirm":"8ebe3b4e-e23a-4961-b2a0-6ab8955e7c12","ts":"2025-10-06T13:15:30.062+08:00","source":{"id":"0","name":"eventBus"}}
{"__type":"$$EventMessageNode","id":"1c4dc014-7b1f-44a5-adc0-c509562b747b","ts":"2025-10-06T13:15:30.063+08:00","eventName":"n8n.node.finished","message":"n8n.node.finished","payload":{"workflowId":"I3musaDYyO2Ask6D","workflowName":"ExpenseTracker-MainProcess","executionId":"444","nodeType":"n8n-nodes-base.scheduleTrigger","nodeName":"Schedule Trigger","nodeId":"641af050-ce3a-41e6-98eb-30acf82ccc6f"}}
{"__type":"$$EventMessageConfirm","confirm":"1c4dc014-7b1f-44a5-adc0-c509562b747b","ts":"2025-10-06T13:15:30.063+08:00","source":{"id":"0","name":"eventBus"}}
{"__type":"$$EventMessageNode","id":"b9fe0b4f-ff74-4f52-b8d5-fa3ad963457a","ts":"2025-10-06T13:15:30.063+08:00","eventName":"n8n.node.started","message":"n8n.node.started","payload":{"workflowId":"I3musaDYyO2Ask6D","workflowName":"ExpenseTracker-MainProcess","executionId":"444","nodeType":"n8n-nodes-base.redis","nodeName":"Redis1","nodeId":"d3d9ed7d-c9e7-453e-bacc-c09e1a4f2818"}}
{"__type":"$$EventMessageConfirm","confirm":"b9fe0b4f-ff74-4f52-b8d5-fa3ad963457a","ts":"2025-10-06T13:15:30.063+08:00","source":{"id":"0","name":"eventBus"}}
{"__type":"$$EventMessageNode","id":"2d878744-152c-4000-8260-316ca912bf73","ts":"2025-10-06T13:15:30.098+08:00","eventName":"n8n.node.finished","message":"n8n.node.finished","payload":{"workflowId":"I3musaDYyO2Ask6D","workflowName":"ExpenseTracker-MainProcess","executionId":"444","nodeType":"n8n-nodes-base.redis","nodeName":"Redis1","nodeId":"d3d9ed7d-c9e7-453e-bacc-c09e1a4f2818"}}
{"__type":"$$EventMessageConfirm","confirm":"2d878744-152c-4000-8260-316ca912bf73","ts":"2025-10-06T13:15:30.098+08:00","source":{"id":"0","name":"eventBus"}}
{"__type":"$$EventMessageNode","id":"551f7713-a9bb-465c-aa78-26cb6e20b0de","ts":"2025-10-06T13:15:30.098+08:00","eventName":"n8n.node.started","message":"n8n.node.started","payload":{"workflowId":"I3musaDYyO2Ask6D","workflowName":"ExpenseTracker-MainProcess","executionId":"444","nodeType":"n8n-nodes-base.code","nodeName":"Code in JavaScript","nodeId":"d8000e14-2e2c-4f10-8e59-8b5af4d60c0d"}}
{"__type":"$$EventMessageConfirm","confirm":"551f7713-a9bb-465c-aa78-26cb6e20b0de","ts":"2025-10-06T13:15:30.098+08:00","source":{"id":"0","name":"eventBus"}}
{"__type":"$$EventMessageRunner","id":"aec76804-21b0-4f96-b0dd-6e6341fc36db","ts":"2025-10-06T13:15:30.102+08:00","eventName":"n8n.runner.task.requested","message":"n8n.runner.task.requested","payload":{"taskId":"-sSodmwE","nodeId":"d8000e14-2e2c-4f10-8e59-8b5af4d60c0d","workflowId":"I3musaDYyO2Ask6D","executionId":"444"}}
{"__type":"$$EventMessageConfirm","confirm":"aec76804-21b0-4f96-b0dd-6e6341fc36db","ts":"2025-10-06T13:15:30.102+08:00","source":{"id":"0","name":"eventBus"}}
{"__type":"$$EventMessageRunner","id":"dd3e38a0-1ee2-4135-92de-49fae979a5ec","ts":"2025-10-06T13:15:30.115+08:00","eventName":"n8n.runner.response.received","message":"n8n.runner.response.received","payload":{"taskId":"-sSodmwE","nodeId":"d8000e14-2e2c-4f10-8e59-8b5af4d60c0d","workflowId":"I3musaDYyO2Ask6D","executionId":"444"}}
{"__type":"$$EventMessageConfirm","confirm":"dd3e38a0-1ee2-4135-92de-49fae979a5ec","ts":"2025-10-06T13:15:30.115+08:00","source":{"id":"0","name":"eventBus"}}
{"__type":"$$EventMessageNode","id":"5d175b96-0200-4a0f-904b-dd8ece3cb924","ts":"2025-10-06T13:15:30.115+08:00","eventName":"n8n.node.finished","message":"n8n.node.finished","payload":{"workflowId":"I3musaDYyO2Ask6D","workflowName":"ExpenseTracker-MainProcess","executionId":"444","nodeType":"n8n-nodes-base.code","nodeName":"Code in JavaScript","nodeId":"d8000e14-2e2c-4f10-8e59-8b5af4d60c0d"}}
{"__type":"$$EventMessageConfirm","confirm":"5d175b96-0200-4a0f-904b-dd8ece3cb924","ts":"2025-10-06T13:15:30.116+08:00","source":{"id":"0","name":"eventBus"}}
{"__type":"$$EventMessageWorkflow","id":"c8212f1d-f9c7-42f1-bf5d-5b930dda002a","ts":"2025-10-06T13:15:30.117+08:00","eventName":"n8n.workflow.success","message":"n8n.workflow.success","payload":{"executionId":"444","success":true,"isManual":false,"workflowId":"I3musaDYyO2Ask6D","workflowName":"ExpenseTracker-MainProcess"}}
{"__type":"$$EventMessageConfirm","confirm":"c8212f1d-f9c7-42f1-bf5d-5b930dda002a","ts":"2025-10-06T13:15:30.117+08:00","source":{"id":"0","name":"eventBus"}}
{"__type":"$$EventMessageWorkflow","id":"05919a64-0811-428e-8636-7e5771234c48","ts":"2025-10-06T13:15:40.035+08:00","eventName":"n8n.workflow.started","message":"n8n.workflow.started","payload":{"executionId":"445","workflowId":"I3musaDYyO2Ask6D","isManual":false,"workflowName":"ExpenseTracker-MainProcess"}}
{"__type":"$$EventMessageConfirm","confirm":"05919a64-0811-428e-8636-7e5771234c48","ts":"2025-10-06T13:15:40.035+08:00","source":{"id":"0","name":"eventBus"}}
{"__type":"$$EventMessageNode","id":"568e00d6-433a-4a0b-a058-213dac55f39a","ts":"2025-10-06T13:15:40.035+08:00","eventName":"n8n.node.started","message":"n8n.node.started","payload":{"workflowId":"I3musaDYyO2Ask6D","workflowName":"ExpenseTracker-MainProcess","executionId":"445","nodeType":"n8n-nodes-base.scheduleTrigger","nodeName":"Schedule Trigger","nodeId":"641af050-ce3a-41e6-98eb-30acf82ccc6f"}}
{"__type":"$$EventMessageConfirm","confirm":"568e00d6-433a-4a0b-a058-213dac55f39a","ts":"2025-10-06T13:15:40.035+08:00","source":{"id":"0","name":"eventBus"}}
{"__type":"$$EventMessageNode","id":"e6b3505d-3fb6-4dbb-9b68-d19418272710","ts":"2025-10-06T13:15:40.035+08:00","eventName":"n8n.node.finished","message":"n8n.node.finished","payload":{"workflowId":"I3musaDYyO2Ask6D","workflowName":"ExpenseTracker-MainProcess","executionId":"445","nodeType":"n8n-nodes-base.scheduleTrigger","nodeName":"Schedule Trigger","nodeId":"641af050-ce3a-41e6-98eb-30acf82ccc6f"}}
{"__type":"$$EventMessageConfirm","confirm":"e6b3505d-3fb6-4dbb-9b68-d19418272710","ts":"2025-10-06T13:15:40.036+08:00","source":{"id":"0","name":"eventBus"}}
{"__type":"$$EventMessageNode","id":"ef56cabb-0468-460e-881c-25c0da40e7da","ts":"2025-10-06T13:15:40.036+08:00","eventName":"n8n.node.started","message":"n8n.node.started","payload":{"workflowId":"I3musaDYyO2Ask6D","workflowName":"ExpenseTracker-MainProcess","executionId":"445","nodeType":"n8n-nodes-base.redis","nodeName":"Redis1","nodeId":"d3d9ed7d-c9e7-453e-bacc-c09e1a4f2818"}}
{"__type":"$$EventMessageConfirm","confirm":"ef56cabb-0468-460e-881c-25c0da40e7da","ts":"2025-10-06T13:15:40.036+08:00","source":{"id":"0","name":"eventBus"}}
{"__type":"$$EventMessageNode","id":"13708975-c2a7-4605-8e11-a0d4161f2eab","ts":"2025-10-06T13:15:40.041+08:00","eventName":"n8n.node.finished","message":"n8n.node.finished","payload":{"workflowId":"I3musaDYyO2Ask6D","workflowName":"ExpenseTracker-MainProcess","executionId":"445","nodeType":"n8n-nodes-base.redis","nodeName":"Redis1","nodeId":"d3d9ed7d-c9e7-453e-bacc-c09e1a4f2818"}}
{"__type":"$$EventMessageConfirm","confirm":"13708975-c2a7-4605-8e11-a0d4161f2eab","ts":"2025-10-06T13:15:40.041+08:00","source":{"id":"0","name":"eventBus"}}
{"__type":"$$EventMessageNode","id":"5dd41f00-bea9-4767-a291-ce19cb2fb817","ts":"2025-10-06T13:15:40.042+08:00","eventName":"n8n.node.started","message":"n8n.node.started","payload":{"workflowId":"I3musaDYyO2Ask6D","workflowName":"ExpenseTracker-MainProcess","executionId":"445","nodeType":"n8n-nodes-base.code","nodeName":"Code in JavaScript","nodeId":"d8000e14-2e2c-4f10-8e59-8b5af4d60c0d"}}
{"__type":"$$EventMessageConfirm","confirm":"5dd41f00-bea9-4767-a291-ce19cb2fb817","ts":"2025-10-06T13:15:40.042+08:00","source":{"id":"0","name":"eventBus"}}
{"__type":"$$EventMessageRunner","id":"39c130f8-5928-4033-833d-1d459db76be1","ts":"2025-10-06T13:15:40.043+08:00","eventName":"n8n.runner.task.requested","message":"n8n.runner.task.requested","payload":{"taskId":"tIoGYahx","nodeId":"d8000e14-2e2c-4f10-8e59-8b5af4d60c0d","workflowId":"I3musaDYyO2Ask6D","executionId":"445"}}
{"__type":"$$EventMessageConfirm","confirm":"39c130f8-5928-4033-833d-1d459db76be1","ts":"2025-10-06T13:15:40.043+08:00","source":{"id":"0","name":"eventBus"}}
{"__type":"$$EventMessageRunner","id":"430102df-668a-4ff1-ac44-f5c580da8729","ts":"2025-10-06T13:15:40.050+08:00","eventName":"n8n.runner.response.received","message":"n8n.runner.response.received","payload":{"taskId":"tIoGYahx","nodeId":"d8000e14-2e2c-4f10-8e59-8b5af4d60c0d","workflowId":"I3musaDYyO2Ask6D","executionId":"445"}}
{"__type":"$$EventMessageConfirm","confirm":"430102df-668a-4ff1-ac44-f5c580da8729","ts":"2025-10-06T13:15:40.050+08:00","source":{"id":"0","name":"eventBus"}}
{"__type":"$$EventMessageNode","id":"29a495fe-7a96-411d-ac35-c34b56e6c272","ts":"2025-10-06T13:15:40.050+08:00","eventName":"n8n.node.finished","message":"n8n.node.finished","payload":{"workflowId":"I3musaDYyO2Ask6D","workflowName":"ExpenseTracker-MainProcess","executionId":"445","nodeType":"n8n-nodes-base.code","nodeName":"Code in JavaScript","nodeId":"d8000e14-2e2c-4f10-8e59-8b5af4d60c0d"}}
{"__type":"$$EventMessageConfirm","confirm":"29a495fe-7a96-411d-ac35-c34b56e6c272","ts":"2025-10-06T13:15:40.050+08:00","source":{"id":"0","name":"eventBus"}}
{"__type":"$$EventMessageWorkflow","id":"142bafd5-b4fc-492d-9f4e-ac20cfa5ac88","ts":"2025-10-06T13:15:40.050+08:00","eventName":"n8n.workflow.success","message":"n8n.workflow.success","payload":{"executionId":"445","success":true,"isManual":false,"workflowId":"I3musaDYyO2Ask6D","workflowName":"ExpenseTracker-MainProcess"}}
{"__type":"$$EventMessageConfirm","confirm":"142bafd5-b4fc-492d-9f4e-ac20cfa5ac88","ts":"2025-10-06T13:15:40.050+08:00","source":{"id":"0","name":"eventBus"}}
{"__type":"$$EventMessageWorkflow","id":"07956f79-b498-405d-ad9d-e915ef1401e8","ts":"2025-10-06T13:15:50.045+08:00","eventName":"n8n.workflow.started","message":"n8n.workflow.started","payload":{"executionId":"446","workflowId":"I3musaDYyO2Ask6D","isManual":false,"workflowName":"ExpenseTracker-MainProcess"}}
{"__type":"$$EventMessageConfirm","confirm":"07956f79-b498-405d-ad9d-e915ef1401e8","ts":"2025-10-06T13:15:50.046+08:00","source":{"id":"0","name":"eventBus"}}
{"__type":"$$EventMessageNode","id":"8cd774fd-625b-41c2-bf04-8cc36a4ed867","ts":"2025-10-06T13:15:50.046+08:00","eventName":"n8n.node.started","message":"n8n.node.started","payload":{"workflowId":"I3musaDYyO2Ask6D","workflowName":"ExpenseTracker-MainProcess","executionId":"446","nodeType":"n8n-nodes-base.scheduleTrigger","nodeName":"Schedule Trigger","nodeId":"641af050-ce3a-41e6-98eb-30acf82ccc6f"}}
{"__type":"$$EventMessageConfirm","confirm":"8cd774fd-625b-41c2-bf04-8cc36a4ed867","ts":"2025-10-06T13:15:50.046+08:00","source":{"id":"0","name":"eventBus"}}
{"__type":"$$EventMessageNode","id":"d35230c9-9336-488a-a4bd-defb48337c06","ts":"2025-10-06T13:15:50.046+08:00","eventName":"n8n.node.finished","message":"n8n.node.finished","payload":{"workflowId":"I3musaDYyO2Ask6D","workflowName":"ExpenseTracker-MainProcess","executionId":"446","nodeType":"n8n-nodes-base.scheduleTrigger","nodeName":"Schedule Trigger","nodeId":"641af050-ce3a-41e6-98eb-30acf82ccc6f"}}
{"__type":"$$EventMessageConfirm","confirm":"d35230c9-9336-488a-a4bd-defb48337c06","ts":"2025-10-06T13:15:50.046+08:00","source":{"id":"0","name":"eventBus"}}
{"__type":"$$EventMessageNode","id":"30ada265-c8aa-42d2-a1da-9f13dcb11084","ts":"2025-10-06T13:15:50.046+08:00","eventName":"n8n.node.started","message":"n8n.node.started","payload":{"workflowId":"I3musaDYyO2Ask6D","workflowName":"ExpenseTracker-MainProcess","executionId":"446","nodeType":"n8n-nodes-base.redis","nodeName":"Redis1","nodeId":"d3d9ed7d-c9e7-453e-bacc-c09e1a4f2818"}}
{"__type":"$$EventMessageConfirm","confirm":"30ada265-c8aa-42d2-a1da-9f13dcb11084","ts":"2025-10-06T13:15:50.046+08:00","source":{"id":"0","name":"eventBus"}}
{"__type":"$$EventMessageNode","id":"e07d8e87-2393-4624-b779-f0e0f02a8ec6","ts":"2025-10-06T13:15:50.052+08:00","eventName":"n8n.node.finished","message":"n8n.node.finished","payload":{"workflowId":"I3musaDYyO2Ask6D","workflowName":"ExpenseTracker-MainProcess","executionId":"446","nodeType":"n8n-nodes-base.redis","nodeName":"Redis1","nodeId":"d3d9ed7d-c9e7-453e-bacc-c09e1a4f2818"}}
{"__type":"$$EventMessageConfirm","confirm":"e07d8e87-2393-4624-b779-f0e0f02a8ec6","ts":"2025-10-06T13:15:50.052+08:00","source":{"id":"0","name":"eventBus"}}
{"__type":"$$EventMessageNode","id":"16b9bdb4-09be-4701-a7e4-5e4b2e5dbe69","ts":"2025-10-06T13:15:50.052+08:00","eventName":"n8n.node.started","message":"n8n.node.started","payload":{"workflowId":"I3musaDYyO2Ask6D","workflowName":"ExpenseTracker-MainProcess","executionId":"446","nodeType":"n8n-nodes-base.code","nodeName":"Code in JavaScript","nodeId":"d8000e14-2e2c-4f10-8e59-8b5af4d60c0d"}}
{"__type":"$$EventMessageConfirm","confirm":"16b9bdb4-09be-4701-a7e4-5e4b2e5dbe69","ts":"2025-10-06T13:15:50.052+08:00","source":{"id":"0","name":"eventBus"}}
{"__type":"$$EventMessageRunner","id":"8235be5c-8e8e-4084-8796-a3df9eafc6ad","ts":"2025-10-06T13:15:50.054+08:00","eventName":"n8n.runner.task.requested","message":"n8n.runner.task.requested","payload":{"taskId":"gkcQXQ_r","nodeId":"d8000e14-2e2c-4f10-8e59-8b5af4d60c0d","workflowId":"I3musaDYyO2Ask6D","executionId":"446"}}
{"__type":"$$EventMessageConfirm","confirm":"8235be5c-8e8e-4084-8796-a3df9eafc6ad","ts":"2025-10-06T13:15:50.054+08:00","source":{"id":"0","name":"eventBus"}}
{"__type":"$$EventMessageRunner","id":"e951ad37-fde0-4233-aeb8-b2bd5f7673dd","ts":"2025-10-06T13:15:50.060+08:00","eventName":"n8n.runner.response.received","message":"n8n.runner.response.received","payload":{"taskId":"gkcQXQ_r","nodeId":"d8000e14-2e2c-4f10-8e59-8b5af4d60c0d","workflowId":"I3musaDYyO2Ask6D","executionId":"446"}}
{"__type":"$$EventMessageConfirm","confirm":"e951ad37-fde0-4233-aeb8-b2bd5f7673dd","ts":"2025-10-06T13:15:50.060+08:00","source":{"id":"0","name":"eventBus"}}
{"__type":"$$EventMessageNode","id":"5107d9e2-5224-407d-b0d6-96f263f10292","ts":"2025-10-06T13:15:50.060+08:00","eventName":"n8n.node.finished","message":"n8n.node.finished","payload":{"workflowId":"I3musaDYyO2Ask6D","workflowName":"ExpenseTracker-MainProcess","executionId":"446","nodeType":"n8n-nodes-base.code","nodeName":"Code in JavaScript","nodeId":"d8000e14-2e2c-4f10-8e59-8b5af4d60c0d"}}
{"__type":"$$EventMessageConfirm","confirm":"5107d9e2-5224-407d-b0d6-96f263f10292","ts":"2025-10-06T13:15:50.060+08:00","source":{"id":"0","name":"eventBus"}}
{"__type":"$$EventMessageWorkflow","id":"75c26fe4-68a1-4b82-beeb-d566c92d24ea","ts":"2025-10-06T13:15:50.060+08:00","eventName":"n8n.workflow.success","message":"n8n.workflow.success","payload":{"executionId":"446","success":true,"isManual":false,"workflowId":"I3musaDYyO2Ask6D","workflowName":"ExpenseTracker-MainProcess"}}
{"__type":"$$EventMessageConfirm","confirm":"75c26fe4-68a1-4b82-beeb-d566c92d24ea","ts":"2025-10-06T13:15:50.060+08:00","source":{"id":"0","name":"eventBus"}}
{"__type":"$$EventMessageWorkflow","id":"3b9e214d-4570-405a-8820-e5e93328a32d","ts":"2025-10-06T13:16:00.051+08:00","eventName":"n8n.workflow.started","message":"n8n.workflow.started","payload":{"executionId":"447","workflowId":"I3musaDYyO2Ask6D","isManual":false,"workflowName":"ExpenseTracker-MainProcess"}}
{"__type":"$$EventMessageConfirm","confirm":"3b9e214d-4570-405a-8820-e5e93328a32d","ts":"2025-10-06T13:16:00.051+08:00","source":{"id":"0","name":"eventBus"}}
{"__type":"$$EventMessageNode","id":"f1a616b2-bae1-4f6a-b6bf-61fb8233a055","ts":"2025-10-06T13:16:00.052+08:00","eventName":"n8n.node.started","message":"n8n.node.started","payload":{"workflowId":"I3musaDYyO2Ask6D","workflowName":"ExpenseTracker-MainProcess","executionId":"447","nodeType":"n8n-nodes-base.scheduleTrigger","nodeName":"Schedule Trigger","nodeId":"641af050-ce3a-41e6-98eb-30acf82ccc6f"}}
{"__type":"$$EventMessageConfirm","confirm":"f1a616b2-bae1-4f6a-b6bf-61fb8233a055","ts":"2025-10-06T13:16:00.052+08:00","source":{"id":"0","name":"eventBus"}}
{"__type":"$$EventMessageNode","id":"3aea05f8-9a66-43a2-a405-bc2a7a1009fa","ts":"2025-10-06T13:16:00.052+08:00","eventName":"n8n.node.finished","message":"n8n.node.finished","payload":{"workflowId":"I3musaDYyO2Ask6D","workflowName":"ExpenseTracker-MainProcess","executionId":"447","nodeType":"n8n-nodes-base.scheduleTrigger","nodeName":"Schedule Trigger","nodeId":"641af050-ce3a-41e6-98eb-30acf82ccc6f"}}
{"__type":"$$EventMessageConfirm","confirm":"3aea05f8-9a66-43a2-a405-bc2a7a1009fa","ts":"2025-10-06T13:16:00.052+08:00","source":{"id":"0","name":"eventBus"}}
{"__type":"$$EventMessageNode","id":"de56d528-1aa6-42fc-a3a8-46c46b27c96d","ts":"2025-10-06T13:16:00.052+08:00","eventName":"n8n.node.started","message":"n8n.node.started","payload":{"workflowId":"I3musaDYyO2Ask6D","workflowName":"ExpenseTracker-MainProcess","executionId":"447","nodeType":"n8n-nodes-base.redis","nodeName":"Redis1","nodeId":"d3d9ed7d-c9e7-453e-bacc-c09e1a4f2818"}}
{"__type":"$$EventMessageConfirm","confirm":"de56d528-1aa6-42fc-a3a8-46c46b27c96d","ts":"2025-10-06T13:16:00.052+08:00","source":{"id":"0","name":"eventBus"}}
{"__type":"$$EventMessageNode","id":"ba09a2a6-5353-431a-ab5b-f34cb06ab24b","ts":"2025-10-06T13:16:00.062+08:00","eventName":"n8n.node.finished","message":"n8n.node.finished","payload":{"workflowId":"I3musaDYyO2Ask6D","workflowName":"ExpenseTracker-MainProcess","executionId":"447","nodeType":"n8n-nodes-base.redis","nodeName":"Redis1","nodeId":"d3d9ed7d-c9e7-453e-bacc-c09e1a4f2818"}}
{"__type":"$$EventMessageConfirm","confirm":"ba09a2a6-5353-431a-ab5b-f34cb06ab24b","ts":"2025-10-06T13:16:00.062+08:00","source":{"id":"0","name":"eventBus"}}
{"__type":"$$EventMessageNode","id":"963d0d3e-a747-442a-ae68-bbe9d28e919b","ts":"2025-10-06T13:16:00.062+08:00","eventName":"n8n.node.started","message":"n8n.node.started","payload":{"workflowId":"I3musaDYyO2Ask6D","workflowName":"ExpenseTracker-MainProcess","executionId":"447","nodeType":"n8n-nodes-base.code","nodeName":"Code in JavaScript","nodeId":"d8000e14-2e2c-4f10-8e59-8b5af4d60c0d"}}
{"__type":"$$EventMessageConfirm","confirm":"963d0d3e-a747-442a-ae68-bbe9d28e919b","ts":"2025-10-06T13:16:00.062+08:00","source":{"id":"0","name":"eventBus"}}
{"__type":"$$EventMessageRunner","id":"807d2aff-4c51-46e0-81b8-d496121d2642","ts":"2025-10-06T13:16:00.063+08:00","eventName":"n8n.runner.task.requested","message":"n8n.runner.task.requested","payload":{"taskId":"pmiUi-JI","nodeId":"d8000e14-2e2c-4f10-8e59-8b5af4d60c0d","workflowId":"I3musaDYyO2Ask6D","executionId":"447"}}
{"__type":"$$EventMessageConfirm","confirm":"807d2aff-4c51-46e0-81b8-d496121d2642","ts":"2025-10-06T13:16:00.063+08:00","source":{"id":"0","name":"eventBus"}}
{"__type":"$$EventMessageRunner","id":"d5b1dcfd-0f06-43d8-85c6-cd55598330e2","ts":"2025-10-06T13:16:00.073+08:00","eventName":"n8n.runner.response.received","message":"n8n.runner.response.received","payload":{"taskId":"pmiUi-JI","nodeId":"d8000e14-2e2c-4f10-8e59-8b5af4d60c0d","workflowId":"I3musaDYyO2Ask6D","executionId":"447"}}
{"__type":"$$EventMessageConfirm","confirm":"d5b1dcfd-0f06-43d8-85c6-cd55598330e2","ts":"2025-10-06T13:16:00.073+08:00","source":{"id":"0","name":"eventBus"}}
{"__type":"$$EventMessageNode","id":"75e1d7e3-80e7-478b-a697-022089d7c14a","ts":"2025-10-06T13:16:00.074+08:00","eventName":"n8n.node.finished","message":"n8n.node.finished","payload":{"workflowId":"I3musaDYyO2Ask6D","workflowName":"ExpenseTracker-MainProcess","executionId":"447","nodeType":"n8n-nodes-base.code","nodeName":"Code in JavaScript","nodeId":"d8000e14-2e2c-4f10-8e59-8b5af4d60c0d"}}
{"__type":"$$EventMessageConfirm","confirm":"75e1d7e3-80e7-478b-a697-022089d7c14a","ts":"2025-10-06T13:16:00.074+08:00","source":{"id":"0","name":"eventBus"}}
{"__type":"$$EventMessageWorkflow","id":"9912dd3b-2eaa-40e8-b856-580bc68205d6","ts":"2025-10-06T13:16:00.074+08:00","eventName":"n8n.workflow.success","message":"n8n.workflow.success","payload":{"executionId":"447","success":true,"isManual":false,"workflowId":"I3musaDYyO2Ask6D","workflowName":"ExpenseTracker-MainProcess"}}
{"__type":"$$EventMessageConfirm","confirm":"9912dd3b-2eaa-40e8-b856-580bc68205d6","ts":"2025-10-06T13:16:00.074+08:00","source":{"id":"0","name":"eventBus"}}
{"__type":"$$EventMessageWorkflow","id":"9fb4cee0-9ce3-4eea-b915-a435ec8fc59a","ts":"2025-10-06T13:16:10.039+08:00","eventName":"n8n.workflow.started","message":"n8n.workflow.started","payload":{"executionId":"448","workflowId":"I3musaDYyO2Ask6D","isManual":false,"workflowName":"ExpenseTracker-MainProcess"}}
{"__type":"$$EventMessageConfirm","confirm":"9fb4cee0-9ce3-4eea-b915-a435ec8fc59a","ts":"2025-10-06T13:16:10.039+08:00","source":{"id":"0","name":"eventBus"}}
{"__type":"$$EventMessageNode","id":"b8393f53-67b2-4700-b3ba-8966f6e2a802","ts":"2025-10-06T13:16:10.039+08:00","eventName":"n8n.node.started","message":"n8n.node.started","payload":{"workflowId":"I3musaDYyO2Ask6D","workflowName":"ExpenseTracker-MainProcess","executionId":"448","nodeType":"n8n-nodes-base.scheduleTrigger","nodeName":"Schedule Trigger","nodeId":"641af050-ce3a-41e6-98eb-30acf82ccc6f"}}
{"__type":"$$EventMessageConfirm","confirm":"b8393f53-67b2-4700-b3ba-8966f6e2a802","ts":"2025-10-06T13:16:10.039+08:00","source":{"id":"0","name":"eventBus"}}
{"__type":"$$EventMessageNode","id":"aea93491-47b1-4a22-97ea-45c145d9dee8","ts":"2025-10-06T13:16:10.039+08:00","eventName":"n8n.node.finished","message":"n8n.node.finished","payload":{"workflowId":"I3musaDYyO2Ask6D","workflowName":"ExpenseTracker-MainProcess","executionId":"448","nodeType":"n8n-nodes-base.scheduleTrigger","nodeName":"Schedule Trigger","nodeId":"641af050-ce3a-41e6-98eb-30acf82ccc6f"}}
{"__type":"$$EventMessageConfirm","confirm":"aea93491-47b1-4a22-97ea-45c145d9dee8","ts":"2025-10-06T13:16:10.039+08:00","source":{"id":"0","name":"eventBus"}}
{"__type":"$$EventMessageNode","id":"1d429f6f-c142-4241-ba9f-48cbbbfafc40","ts":"2025-10-06T13:16:10.039+08:00","eventName":"n8n.node.started","message":"n8n.node.started","payload":{"workflowId":"I3musaDYyO2Ask6D","workflowName":"ExpenseTracker-MainProcess","executionId":"448","nodeType":"n8n-nodes-base.redis","nodeName":"Redis1","nodeId":"d3d9ed7d-c9e7-453e-bacc-c09e1a4f2818"}}
{"__type":"$$EventMessageConfirm","confirm":"1d429f6f-c142-4241-ba9f-48cbbbfafc40","ts":"2025-10-06T13:16:10.040+08:00","source":{"id":"0","name":"eventBus"}}
{"__type":"$$EventMessageNode","id":"93f4f8ab-ebf6-4c8e-82b1-cd91ec39059a","ts":"2025-10-06T13:16:10.047+08:00","eventName":"n8n.node.finished","message":"n8n.node.finished","payload":{"workflowId":"I3musaDYyO2Ask6D","workflowName":"ExpenseTracker-MainProcess","executionId":"448","nodeType":"n8n-nodes-base.redis","nodeName":"Redis1","nodeId":"d3d9ed7d-c9e7-453e-bacc-c09e1a4f2818"}}
{"__type":"$$EventMessageConfirm","confirm":"93f4f8ab-ebf6-4c8e-82b1-cd91ec39059a","ts":"2025-10-06T13:16:10.047+08:00","source":{"id":"0","name":"eventBus"}}
{"__type":"$$EventMessageNode","id":"9d89428f-96e8-4e9f-a9d9-fc9bd74ee25e","ts":"2025-10-06T13:16:10.047+08:00","eventName":"n8n.node.started","message":"n8n.node.started","payload":{"workflowId":"I3musaDYyO2Ask6D","workflowName":"ExpenseTracker-MainProcess","executionId":"448","nodeType":"n8n-nodes-base.code","nodeName":"Code in JavaScript","nodeId":"d8000e14-2e2c-4f10-8e59-8b5af4d60c0d"}}
{"__type":"$$EventMessageConfirm","confirm":"9d89428f-96e8-4e9f-a9d9-fc9bd74ee25e","ts":"2025-10-06T13:16:10.047+08:00","source":{"id":"0","name":"eventBus"}}
{"__type":"$$EventMessageRunner","id":"cabe4f6b-41a1-4586-b6e9-5d6a48f0f30e","ts":"2025-10-06T13:16:10.048+08:00","eventName":"n8n.runner.task.requested","message":"n8n.runner.task.requested","payload":{"taskId":"2OxjXmZW","nodeId":"d8000e14-2e2c-4f10-8e59-8b5af4d60c0d","workflowId":"I3musaDYyO2Ask6D","executionId":"448"}}
{"__type":"$$EventMessageConfirm","confirm":"cabe4f6b-41a1-4586-b6e9-5d6a48f0f30e","ts":"2025-10-06T13:16:10.048+08:00","source":{"id":"0","name":"eventBus"}}
{"__type":"$$EventMessageRunner","id":"949c4c1d-3ed5-4721-bffe-9498bb1c1a72","ts":"2025-10-06T13:16:10.055+08:00","eventName":"n8n.runner.response.received","message":"n8n.runner.response.received","payload":{"taskId":"2OxjXmZW","nodeId":"d8000e14-2e2c-4f10-8e59-8b5af4d60c0d","workflowId":"I3musaDYyO2Ask6D","executionId":"448"}}
{"__type":"$$EventMessageConfirm","confirm":"949c4c1d-3ed5-4721-bffe-9498bb1c1a72","ts":"2025-10-06T13:16:10.055+08:00","source":{"id":"0","name":"eventBus"}}
{"__type":"$$EventMessageNode","id":"8064d8ef-9739-46e5-8542-437eacb75b94","ts":"2025-10-06T13:16:10.055+08:00","eventName":"n8n.node.finished","message":"n8n.node.finished","payload":{"workflowId":"I3musaDYyO2Ask6D","workflowName":"ExpenseTracker-MainProcess","executionId":"448","nodeType":"n8n-nodes-base.code","nodeName":"Code in JavaScript","nodeId":"d8000e14-2e2c-4f10-8e59-8b5af4d60c0d"}}
{"__type":"$$EventMessageConfirm","confirm":"8064d8ef-9739-46e5-8542-437eacb75b94","ts":"2025-10-06T13:16:10.055+08:00","source":{"id":"0","name":"eventBus"}}
{"__type":"$$EventMessageWorkflow","id":"099a02d6-180e-460f-a0b9-b8a967ed62ed","ts":"2025-10-06T13:16:10.055+08:00","eventName":"n8n.workflow.success","message":"n8n.workflow.success","payload":{"executionId":"448","success":true,"isManual":false,"workflowId":"I3musaDYyO2Ask6D","workflowName":"ExpenseTracker-MainProcess"}}
{"__type":"$$EventMessageConfirm","confirm":"099a02d6-180e-460f-a0b9-b8a967ed62ed","ts":"2025-10-06T13:16:10.055+08:00","source":{"id":"0","name":"eventBus"}}
{"__type":"$$EventMessageWorkflow","id":"d1cc10a7-9482-4e93-afa6-95cf2b1a7801","ts":"2025-10-06T13:16:20.038+08:00","eventName":"n8n.workflow.started","message":"n8n.workflow.started","payload":{"executionId":"449","workflowId":"I3musaDYyO2Ask6D","isManual":false,"workflowName":"ExpenseTracker-MainProcess"}}
{"__type":"$$EventMessageConfirm","confirm":"d1cc10a7-9482-4e93-afa6-95cf2b1a7801","ts":"2025-10-06T13:16:20.039+08:00","source":{"id":"0","name":"eventBus"}}
{"__type":"$$EventMessageNode","id":"097eb993-ce67-451c-8b5e-d715ed874b1a","ts":"2025-10-06T13:16:20.039+08:00","eventName":"n8n.node.started","message":"n8n.node.started","payload":{"workflowId":"I3musaDYyO2Ask6D","workflowName":"ExpenseTracker-MainProcess","executionId":"449","nodeType":"n8n-nodes-base.scheduleTrigger","nodeName":"Schedule Trigger","nodeId":"641af050-ce3a-41e6-98eb-30acf82ccc6f"}}
{"__type":"$$EventMessageConfirm","confirm":"097eb993-ce67-451c-8b5e-d715ed874b1a","ts":"2025-10-06T13:16:20.039+08:00","source":{"id":"0","name":"eventBus"}}
{"__type":"$$EventMessageNode","id":"29461bcd-0b8e-4838-a068-e403c4584cbf","ts":"2025-10-06T13:16:20.039+08:00","eventName":"n8n.node.finished","message":"n8n.node.finished","payload":{"workflowId":"I3musaDYyO2Ask6D","workflowName":"ExpenseTracker-MainProcess","executionId":"449","nodeType":"n8n-nodes-base.scheduleTrigger","nodeName":"Schedule Trigger","nodeId":"641af050-ce3a-41e6-98eb-30acf82ccc6f"}}
{"__type":"$$EventMessageConfirm","confirm":"29461bcd-0b8e-4838-a068-e403c4584cbf","ts":"2025-10-06T13:16:20.039+08:00","source":{"id":"0","name":"eventBus"}}
{"__type":"$$EventMessageNode","id":"38d93afe-9065-4db6-9a70-1d7919eaa213","ts":"2025-10-06T13:16:20.039+08:00","eventName":"n8n.node.started","message":"n8n.node.started","payload":{"workflowId":"I3musaDYyO2Ask6D","workflowName":"ExpenseTracker-MainProcess","executionId":"449","nodeType":"n8n-nodes-base.redis","nodeName":"Redis1","nodeId":"d3d9ed7d-c9e7-453e-bacc-c09e1a4f2818"}}
{"__type":"$$EventMessageConfirm","confirm":"38d93afe-9065-4db6-9a70-1d7919eaa213","ts":"2025-10-06T13:16:20.039+08:00","source":{"id":"0","name":"eventBus"}}
{"__type":"$$EventMessageNode","id":"36652f68-dd1a-4380-a281-6209f33c5ab9","ts":"2025-10-06T13:16:20.048+08:00","eventName":"n8n.node.finished","message":"n8n.node.finished","payload":{"workflowId":"I3musaDYyO2Ask6D","workflowName":"ExpenseTracker-MainProcess","executionId":"449","nodeType":"n8n-nodes-base.redis","nodeName":"Redis1","nodeId":"d3d9ed7d-c9e7-453e-bacc-c09e1a4f2818"}}
{"__type":"$$EventMessageConfirm","confirm":"36652f68-dd1a-4380-a281-6209f33c5ab9","ts":"2025-10-06T13:16:20.048+08:00","source":{"id":"0","name":"eventBus"}}
{"__type":"$$EventMessageNode","id":"08e974de-6d41-4d49-bf72-d958bcd4cdb0","ts":"2025-10-06T13:16:20.048+08:00","eventName":"n8n.node.started","message":"n8n.node.started","payload":{"workflowId":"I3musaDYyO2Ask6D","workflowName":"ExpenseTracker-MainProcess","executionId":"449","nodeType":"n8n-nodes-base.code","nodeName":"Code in JavaScript","nodeId":"d8000e14-2e2c-4f10-8e59-8b5af4d60c0d"}}
{"__type":"$$EventMessageConfirm","confirm":"08e974de-6d41-4d49-bf72-d958bcd4cdb0","ts":"2025-10-06T13:16:20.048+08:00","source":{"id":"0","name":"eventBus"}}
{"__type":"$$EventMessageRunner","id":"55ea69c0-12fc-4df0-b58f-9df0809978cb","ts":"2025-10-06T13:16:20.049+08:00","eventName":"n8n.runner.task.requested","message":"n8n.runner.task.requested","payload":{"taskId":"2VtNebKE","nodeId":"d8000e14-2e2c-4f10-8e59-8b5af4d60c0d","workflowId":"I3musaDYyO2Ask6D","executionId":"449"}}
{"__type":"$$EventMessageConfirm","confirm":"55ea69c0-12fc-4df0-b58f-9df0809978cb","ts":"2025-10-06T13:16:20.049+08:00","source":{"id":"0","name":"eventBus"}}
{"__type":"$$EventMessageRunner","id":"442ad3ab-532b-49cb-8b15-8f129b6b8ebb","ts":"2025-10-06T13:16:20.058+08:00","eventName":"n8n.runner.response.received","message":"n8n.runner.response.received","payload":{"taskId":"2VtNebKE","nodeId":"d8000e14-2e2c-4f10-8e59-8b5af4d60c0d","workflowId":"I3musaDYyO2Ask6D","executionId":"449"}}
{"__type":"$$EventMessageConfirm","confirm":"442ad3ab-532b-49cb-8b15-8f129b6b8ebb","ts":"2025-10-06T13:16:20.058+08:00","source":{"id":"0","name":"eventBus"}}
{"__type":"$$EventMessageNode","id":"74fb2eed-fafb-4ca8-9191-55ff9e090493","ts":"2025-10-06T13:16:20.058+08:00","eventName":"n8n.node.finished","message":"n8n.node.finished","payload":{"workflowId":"I3musaDYyO2Ask6D","workflowName":"ExpenseTracker-MainProcess","executionId":"449","nodeType":"n8n-nodes-base.code","nodeName":"Code in JavaScript","nodeId":"d8000e14-2e2c-4f10-8e59-8b5af4d60c0d"}}
{"__type":"$$EventMessageConfirm","confirm":"74fb2eed-fafb-4ca8-9191-55ff9e090493","ts":"2025-10-06T13:16:20.058+08:00","source":{"id":"0","name":"eventBus"}}
{"__type":"$$EventMessageWorkflow","id":"ab4f5941-1bc2-4018-80c5-a47a9f951d32","ts":"2025-10-06T13:16:20.058+08:00","eventName":"n8n.workflow.success","message":"n8n.workflow.success","payload":{"executionId":"449","success":true,"isManual":false,"workflowId":"I3musaDYyO2Ask6D","workflowName":"ExpenseTracker-MainProcess"}}
{"__type":"$$EventMessageConfirm","confirm":"ab4f5941-1bc2-4018-80c5-a47a9f951d32","ts":"2025-10-06T13:16:20.058+08:00","source":{"id":"0","name":"eventBus"}}
{"__type":"$$EventMessageWorkflow","id":"5c45a012-0046-459e-8a3b-567df810f33d","ts":"2025-10-06T13:16:30.039+08:00","eventName":"n8n.workflow.started","message":"n8n.workflow.started","payload":{"executionId":"450","workflowId":"I3musaDYyO2Ask6D","isManual":false,"workflowName":"ExpenseTracker-MainProcess"}}
{"__type":"$$EventMessageConfirm","confirm":"5c45a012-0046-459e-8a3b-567df810f33d","ts":"2025-10-06T13:16:30.039+08:00","source":{"id":"0","name":"eventBus"}}
{"__type":"$$EventMessageNode","id":"9b57680a-0615-4b87-b773-e7decf6ecae2","ts":"2025-10-06T13:16:30.039+08:00","eventName":"n8n.node.started","message":"n8n.node.started","payload":{"workflowId":"I3musaDYyO2Ask6D","workflowName":"ExpenseTracker-MainProcess","executionId":"450","nodeType":"n8n-nodes-base.scheduleTrigger","nodeName":"Schedule Trigger","nodeId":"641af050-ce3a-41e6-98eb-30acf82ccc6f"}}
{"__type":"$$EventMessageConfirm","confirm":"9b57680a-0615-4b87-b773-e7decf6ecae2","ts":"2025-10-06T13:16:30.039+08:00","source":{"id":"0","name":"eventBus"}}
{"__type":"$$EventMessageNode","id":"42fcbcea-119a-4134-a8fe-a3163631bc32","ts":"2025-10-06T13:16:30.039+08:00","eventName":"n8n.node.finished","message":"n8n.node.finished","payload":{"workflowId":"I3musaDYyO2Ask6D","workflowName":"ExpenseTracker-MainProcess","executionId":"450","nodeType":"n8n-nodes-base.scheduleTrigger","nodeName":"Schedule Trigger","nodeId":"641af050-ce3a-41e6-98eb-30acf82ccc6f"}}
{"__type":"$$EventMessageConfirm","confirm":"42fcbcea-119a-4134-a8fe-a3163631bc32","ts":"2025-10-06T13:16:30.039+08:00","source":{"id":"0","name":"eventBus"}}
{"__type":"$$EventMessageNode","id":"d09467ed-c49d-4b97-8389-80ff3ff50b3c","ts":"2025-10-06T13:16:30.039+08:00","eventName":"n8n.node.started","message":"n8n.node.started","payload":{"workflowId":"I3musaDYyO2Ask6D","workflowName":"ExpenseTracker-MainProcess","executionId":"450","nodeType":"n8n-nodes-base.redis","nodeName":"Redis1","nodeId":"d3d9ed7d-c9e7-453e-bacc-c09e1a4f2818"}}
{"__type":"$$EventMessageConfirm","confirm":"d09467ed-c49d-4b97-8389-80ff3ff50b3c","ts":"2025-10-06T13:16:30.039+08:00","source":{"id":"0","name":"eventBus"}}
{"__type":"$$EventMessageNode","id":"048ed894-3621-47de-8a56-076c18613578","ts":"2025-10-06T13:16:30.046+08:00","eventName":"n8n.node.finished","message":"n8n.node.finished","payload":{"workflowId":"I3musaDYyO2Ask6D","workflowName":"ExpenseTracker-MainProcess","executionId":"450","nodeType":"n8n-nodes-base.redis","nodeName":"Redis1","nodeId":"d3d9ed7d-c9e7-453e-bacc-c09e1a4f2818"}}
{"__type":"$$EventMessageConfirm","confirm":"048ed894-3621-47de-8a56-076c18613578","ts":"2025-10-06T13:16:30.047+08:00","source":{"id":"0","name":"eventBus"}}
{"__type":"$$EventMessageNode","id":"923bd3fa-9a70-4583-9645-dd890ffac580","ts":"2025-10-06T13:16:30.047+08:00","eventName":"n8n.node.started","message":"n8n.node.started","payload":{"workflowId":"I3musaDYyO2Ask6D","workflowName":"ExpenseTracker-MainProcess","executionId":"450","nodeType":"n8n-nodes-base.code","nodeName":"Code in JavaScript","nodeId":"d8000e14-2e2c-4f10-8e59-8b5af4d60c0d"}}
{"__type":"$$EventMessageConfirm","confirm":"923bd3fa-9a70-4583-9645-dd890ffac580","ts":"2025-10-06T13:16:30.047+08:00","source":{"id":"0","name":"eventBus"}}
{"__type":"$$EventMessageRunner","id":"2ac3d2da-2b48-4c45-8fd1-ca2b9a7d70f2","ts":"2025-10-06T13:16:30.048+08:00","eventName":"n8n.runner.task.requested","message":"n8n.runner.task.requested","payload":{"taskId":"5ksoLpeV","nodeId":"d8000e14-2e2c-4f10-8e59-8b5af4d60c0d","workflowId":"I3musaDYyO2Ask6D","executionId":"450"}}
{"__type":"$$EventMessageConfirm","confirm":"2ac3d2da-2b48-4c45-8fd1-ca2b9a7d70f2","ts":"2025-10-06T13:16:30.048+08:00","source":{"id":"0","name":"eventBus"}}
{"__type":"$$EventMessageRunner","id":"07e62f5b-ba63-4da1-9d52-1c53c4cfc19a","ts":"2025-10-06T13:16:30.054+08:00","eventName":"n8n.runner.response.received","message":"n8n.runner.response.received","payload":{"taskId":"5ksoLpeV","nodeId":"d8000e14-2e2c-4f10-8e59-8b5af4d60c0d","workflowId":"I3musaDYyO2Ask6D","executionId":"450"}}
{"__type":"$$EventMessageConfirm","confirm":"07e62f5b-ba63-4da1-9d52-1c53c4cfc19a","ts":"2025-10-06T13:16:30.054+08:00","source":{"id":"0","name":"eventBus"}}
{"__type":"$$EventMessageNode","id":"793ec27d-4df8-4775-9dc2-3f0066188048","ts":"2025-10-06T13:16:30.054+08:00","eventName":"n8n.node.finished","message":"n8n.node.finished","payload":{"workflowId":"I3musaDYyO2Ask6D","workflowName":"ExpenseTracker-MainProcess","executionId":"450","nodeType":"n8n-nodes-base.code","nodeName":"Code in JavaScript","nodeId":"d8000e14-2e2c-4f10-8e59-8b5af4d60c0d"}}
{"__type":"$$EventMessageConfirm","confirm":"793ec27d-4df8-4775-9dc2-3f0066188048","ts":"2025-10-06T13:16:30.054+08:00","source":{"id":"0","name":"eventBus"}}
{"__type":"$$EventMessageWorkflow","id":"f682dd43-3a2e-496f-84ad-972e9d2044a1","ts":"2025-10-06T13:16:30.055+08:00","eventName":"n8n.workflow.success","message":"n8n.workflow.success","payload":{"executionId":"450","success":true,"isManual":false,"workflowId":"I3musaDYyO2Ask6D","workflowName":"ExpenseTracker-MainProcess"}}
{"__type":"$$EventMessageConfirm","confirm":"f682dd43-3a2e-496f-84ad-972e9d2044a1","ts":"2025-10-06T13:16:30.055+08:00","source":{"id":"0","name":"eventBus"}}
{"__type":"$$EventMessageWorkflow","id":"aef13627-93a3-44df-a4c4-44b1be346f49","ts":"2025-10-06T13:16:40.035+08:00","eventName":"n8n.workflow.started","message":"n8n.workflow.started","payload":{"executionId":"451","workflowId":"I3musaDYyO2Ask6D","isManual":false,"workflowName":"ExpenseTracker-MainProcess"}}
{"__type":"$$EventMessageConfirm","confirm":"aef13627-93a3-44df-a4c4-44b1be346f49","ts":"2025-10-06T13:16:40.035+08:00","source":{"id":"0","name":"eventBus"}}
{"__type":"$$EventMessageNode","id":"77cdb1e6-2557-4607-b031-10a526d66b2b","ts":"2025-10-06T13:16:40.035+08:00","eventName":"n8n.node.started","message":"n8n.node.started","payload":{"workflowId":"I3musaDYyO2Ask6D","workflowName":"ExpenseTracker-MainProcess","executionId":"451","nodeType":"n8n-nodes-base.scheduleTrigger","nodeName":"Schedule Trigger","nodeId":"641af050-ce3a-41e6-98eb-30acf82ccc6f"}}
{"__type":"$$EventMessageConfirm","confirm":"77cdb1e6-2557-4607-b031-10a526d66b2b","ts":"2025-10-06T13:16:40.035+08:00","source":{"id":"0","name":"eventBus"}}
{"__type":"$$EventMessageNode","id":"7b105319-cbe6-40ee-b734-86aaf65cbc39","ts":"2025-10-06T13:16:40.036+08:00","eventName":"n8n.node.finished","message":"n8n.node.finished","payload":{"workflowId":"I3musaDYyO2Ask6D","workflowName":"ExpenseTracker-MainProcess","executionId":"451","nodeType":"n8n-nodes-base.scheduleTrigger","nodeName":"Schedule Trigger","nodeId":"641af050-ce3a-41e6-98eb-30acf82ccc6f"}}
{"__type":"$$EventMessageConfirm","confirm":"7b105319-cbe6-40ee-b734-86aaf65cbc39","ts":"2025-10-06T13:16:40.036+08:00","source":{"id":"0","name":"eventBus"}}
{"__type":"$$EventMessageNode","id":"f6bf167c-e040-42cd-af68-c2b433aa23a4","ts":"2025-10-06T13:16:40.036+08:00","eventName":"n8n.node.started","message":"n8n.node.started","payload":{"workflowId":"I3musaDYyO2Ask6D","workflowName":"ExpenseTracker-MainProcess","executionId":"451","nodeType":"n8n-nodes-base.redis","nodeName":"Redis1","nodeId":"d3d9ed7d-c9e7-453e-bacc-c09e1a4f2818"}}
{"__type":"$$EventMessageConfirm","confirm":"f6bf167c-e040-42cd-af68-c2b433aa23a4","ts":"2025-10-06T13:16:40.036+08:00","source":{"id":"0","name":"eventBus"}}
{"__type":"$$EventMessageNode","id":"65bd3a82-1354-4fb3-9ec5-3a12b8f1a311","ts":"2025-10-06T13:16:40.043+08:00","eventName":"n8n.node.finished","message":"n8n.node.finished","payload":{"workflowId":"I3musaDYyO2Ask6D","workflowName":"ExpenseTracker-MainProcess","executionId":"451","nodeType":"n8n-nodes-base.redis","nodeName":"Redis1","nodeId":"d3d9ed7d-c9e7-453e-bacc-c09e1a4f2818"}}
{"__type":"$$EventMessageConfirm","confirm":"65bd3a82-1354-4fb3-9ec5-3a12b8f1a311","ts":"2025-10-06T13:16:40.043+08:00","source":{"id":"0","name":"eventBus"}}
{"__type":"$$EventMessageNode","id":"da852180-33de-4c19-b692-cdc1407dbd3c","ts":"2025-10-06T13:16:40.043+08:00","eventName":"n8n.node.started","message":"n8n.node.started","payload":{"workflowId":"I3musaDYyO2Ask6D","workflowName":"ExpenseTracker-MainProcess","executionId":"451","nodeType":"n8n-nodes-base.code","nodeName":"Code in JavaScript","nodeId":"d8000e14-2e2c-4f10-8e59-8b5af4d60c0d"}}
{"__type":"$$EventMessageConfirm","confirm":"da852180-33de-4c19-b692-cdc1407dbd3c","ts":"2025-10-06T13:16:40.043+08:00","source":{"id":"0","name":"eventBus"}}
{"__type":"$$EventMessageRunner","id":"0936475e-4792-4f29-9612-47cd38450644","ts":"2025-10-06T13:16:40.044+08:00","eventName":"n8n.runner.task.requested","message":"n8n.runner.task.requested","payload":{"taskId":"gXeTdR5n","nodeId":"d8000e14-2e2c-4f10-8e59-8b5af4d60c0d","workflowId":"I3musaDYyO2Ask6D","executionId":"451"}}
{"__type":"$$EventMessageConfirm","confirm":"0936475e-4792-4f29-9612-47cd38450644","ts":"2025-10-06T13:16:40.044+08:00","source":{"id":"0","name":"eventBus"}}
{"__type":"$$EventMessageRunner","id":"b46fafd6-bd52-4fc7-8083-94577ad659d6","ts":"2025-10-06T13:16:40.052+08:00","eventName":"n8n.runner.response.received","message":"n8n.runner.response.received","payload":{"taskId":"gXeTdR5n","nodeId":"d8000e14-2e2c-4f10-8e59-8b5af4d60c0d","workflowId":"I3musaDYyO2Ask6D","executionId":"451"}}
{"__type":"$$EventMessageConfirm","confirm":"b46fafd6-bd52-4fc7-8083-94577ad659d6","ts":"2025-10-06T13:16:40.052+08:00","source":{"id":"0","name":"eventBus"}}
{"__type":"$$EventMessageNode","id":"a452b3d1-2215-47fb-9c45-c2dccb35cbec","ts":"2025-10-06T13:16:40.053+08:00","eventName":"n8n.node.finished","message":"n8n.node.finished","payload":{"workflowId":"I3musaDYyO2Ask6D","workflowName":"ExpenseTracker-MainProcess","executionId":"451","nodeType":"n8n-nodes-base.code","nodeName":"Code in JavaScript","nodeId":"d8000e14-2e2c-4f10-8e59-8b5af4d60c0d"}}
{"__type":"$$EventMessageConfirm","confirm":"a452b3d1-2215-47fb-9c45-c2dccb35cbec","ts":"2025-10-06T13:16:40.053+08:00","source":{"id":"0","name":"eventBus"}}
{"__type":"$$EventMessageWorkflow","id":"d57af8f7-2857-42a0-8cbb-6c83fd007bbf","ts":"2025-10-06T13:16:40.053+08:00","eventName":"n8n.workflow.success","message":"n8n.workflow.success","payload":{"executionId":"451","success":true,"isManual":false,"workflowId":"I3musaDYyO2Ask6D","workflowName":"ExpenseTracker-MainProcess"}}
{"__type":"$$EventMessageConfirm","confirm":"d57af8f7-2857-42a0-8cbb-6c83fd007bbf","ts":"2025-10-06T13:16:40.053+08:00","source":{"id":"0","name":"eventBus"}}
{"__type":"$$EventMessageWorkflow","id":"1339400a-8f2c-48e5-86a0-68559f4f7bfc","ts":"2025-10-06T13:16:50.034+08:00","eventName":"n8n.workflow.started","message":"n8n.workflow.started","payload":{"executionId":"452","workflowId":"I3musaDYyO2Ask6D","isManual":false,"workflowName":"ExpenseTracker-MainProcess"}}
{"__type":"$$EventMessageConfirm","confirm":"1339400a-8f2c-48e5-86a0-68559f4f7bfc","ts":"2025-10-06T13:16:50.034+08:00","source":{"id":"0","name":"eventBus"}}
{"__type":"$$EventMessageNode","id":"601b2d54-0ac8-4bb9-b8e8-78d34f8770a6","ts":"2025-10-06T13:16:50.034+08:00","eventName":"n8n.node.started","message":"n8n.node.started","payload":{"workflowId":"I3musaDYyO2Ask6D","workflowName":"ExpenseTracker-MainProcess","executionId":"452","nodeType":"n8n-nodes-base.scheduleTrigger","nodeName":"Schedule Trigger","nodeId":"641af050-ce3a-41e6-98eb-30acf82ccc6f"}}
{"__type":"$$EventMessageConfirm","confirm":"601b2d54-0ac8-4bb9-b8e8-78d34f8770a6","ts":"2025-10-06T13:16:50.034+08:00","source":{"id":"0","name":"eventBus"}}
{"__type":"$$EventMessageNode","id":"dbc197ae-174a-4e0c-98fb-c8ec2f90a9c8","ts":"2025-10-06T13:16:50.034+08:00","eventName":"n8n.node.finished","message":"n8n.node.finished","payload":{"workflowId":"I3musaDYyO2Ask6D","workflowName":"ExpenseTracker-MainProcess","executionId":"452","nodeType":"n8n-nodes-base.scheduleTrigger","nodeName":"Schedule Trigger","nodeId":"641af050-ce3a-41e6-98eb-30acf82ccc6f"}}
{"__type":"$$EventMessageConfirm","confirm":"dbc197ae-174a-4e0c-98fb-c8ec2f90a9c8","ts":"2025-10-06T13:16:50.034+08:00","source":{"id":"0","name":"eventBus"}}
{"__type":"$$EventMessageNode","id":"ca8e87a6-f596-4fd6-a6df-179052698cd3","ts":"2025-10-06T13:16:50.034+08:00","eventName":"n8n.node.started","message":"n8n.node.started","payload":{"workflowId":"I3musaDYyO2Ask6D","workflowName":"ExpenseTracker-MainProcess","executionId":"452","nodeType":"n8n-nodes-base.redis","nodeName":"Redis1","nodeId":"d3d9ed7d-c9e7-453e-bacc-c09e1a4f2818"}}
{"__type":"$$EventMessageConfirm","confirm":"ca8e87a6-f596-4fd6-a6df-179052698cd3","ts":"2025-10-06T13:16:50.034+08:00","source":{"id":"0","name":"eventBus"}}
{"__type":"$$EventMessageNode","id":"6264d597-2359-4b3c-be9e-a858a121e5d4","ts":"2025-10-06T13:16:50.041+08:00","eventName":"n8n.node.finished","message":"n8n.node.finished","payload":{"workflowId":"I3musaDYyO2Ask6D","workflowName":"ExpenseTracker-MainProcess","executionId":"452","nodeType":"n8n-nodes-base.redis","nodeName":"Redis1","nodeId":"d3d9ed7d-c9e7-453e-bacc-c09e1a4f2818"}}
{"__type":"$$EventMessageConfirm","confirm":"6264d597-2359-4b3c-be9e-a858a121e5d4","ts":"2025-10-06T13:16:50.041+08:00","source":{"id":"0","name":"eventBus"}}
{"__type":"$$EventMessageNode","id":"6f1c26c5-de95-4072-83b5-cca9c12189a3","ts":"2025-10-06T13:16:50.041+08:00","eventName":"n8n.node.started","message":"n8n.node.started","payload":{"workflowId":"I3musaDYyO2Ask6D","workflowName":"ExpenseTracker-MainProcess","executionId":"452","nodeType":"n8n-nodes-base.code","nodeName":"Code in JavaScript","nodeId":"d8000e14-2e2c-4f10-8e59-8b5af4d60c0d"}}
{"__type":"$$EventMessageConfirm","confirm":"6f1c26c5-de95-4072-83b5-cca9c12189a3","ts":"2025-10-06T13:16:50.041+08:00","source":{"id":"0","name":"eventBus"}}
{"__type":"$$EventMessageRunner","id":"8553fe5d-27a0-4378-a1a8-a9ebe41be216","ts":"2025-10-06T13:16:50.042+08:00","eventName":"n8n.runner.task.requested","message":"n8n.runner.task.requested","payload":{"taskId":"d3b-DlA3","nodeId":"d8000e14-2e2c-4f10-8e59-8b5af4d60c0d","workflowId":"I3musaDYyO2Ask6D","executionId":"452"}}
{"__type":"$$EventMessageConfirm","confirm":"8553fe5d-27a0-4378-a1a8-a9ebe41be216","ts":"2025-10-06T13:16:50.042+08:00","source":{"id":"0","name":"eventBus"}}
{"__type":"$$EventMessageRunner","id":"96616ff1-b9bc-4065-8146-9dea26968080","ts":"2025-10-06T13:16:50.048+08:00","eventName":"n8n.runner.response.received","message":"n8n.runner.response.received","payload":{"taskId":"d3b-DlA3","nodeId":"d8000e14-2e2c-4f10-8e59-8b5af4d60c0d","workflowId":"I3musaDYyO2Ask6D","executionId":"452"}}
{"__type":"$$EventMessageConfirm","confirm":"96616ff1-b9bc-4065-8146-9dea26968080","ts":"2025-10-06T13:16:50.048+08:00","source":{"id":"0","name":"eventBus"}}
{"__type":"$$EventMessageNode","id":"59b56ede-7862-451d-8e99-e1aa69360860","ts":"2025-10-06T13:16:50.048+08:00","eventName":"n8n.node.finished","message":"n8n.node.finished","payload":{"workflowId":"I3musaDYyO2Ask6D","workflowName":"ExpenseTracker-MainProcess","executionId":"452","nodeType":"n8n-nodes-base.code","nodeName":"Code in JavaScript","nodeId":"d8000e14-2e2c-4f10-8e59-8b5af4d60c0d"}}
{"__type":"$$EventMessageConfirm","confirm":"59b56ede-7862-451d-8e99-e1aa69360860","ts":"2025-10-06T13:16:50.048+08:00","source":{"id":"0","name":"eventBus"}}
{"__type":"$$EventMessageWorkflow","id":"954f1cbf-bbe6-4d97-9f50-a4f00dbfb5ad","ts":"2025-10-06T13:16:50.048+08:00","eventName":"n8n.workflow.success","message":"n8n.workflow.success","payload":{"executionId":"452","success":true,"isManual":false,"workflowId":"I3musaDYyO2Ask6D","workflowName":"ExpenseTracker-MainProcess"}}
{"__type":"$$EventMessageConfirm","confirm":"954f1cbf-bbe6-4d97-9f50-a4f00dbfb5ad","ts":"2025-10-06T13:16:50.048+08:00","source":{"id":"0","name":"eventBus"}}
{"__type":"$$EventMessageWorkflow","id":"4fa9c644-a37d-434c-ac5c-6f3ce60255f5","ts":"2025-10-06T13:17:00.053+08:00","eventName":"n8n.workflow.started","message":"n8n.workflow.started","payload":{"executionId":"453","workflowId":"I3musaDYyO2Ask6D","isManual":false,"workflowName":"ExpenseTracker-MainProcess"}}
{"__type":"$$EventMessageConfirm","confirm":"4fa9c644-a37d-434c-ac5c-6f3ce60255f5","ts":"2025-10-06T13:17:00.053+08:00","source":{"id":"0","name":"eventBus"}}
{"__type":"$$EventMessageNode","id":"2b5a9cb4-fd4f-43a6-abf4-861d63de7c0c","ts":"2025-10-06T13:17:00.054+08:00","eventName":"n8n.node.started","message":"n8n.node.started","payload":{"workflowId":"I3musaDYyO2Ask6D","workflowName":"ExpenseTracker-MainProcess","executionId":"453","nodeType":"n8n-nodes-base.scheduleTrigger","nodeName":"Schedule Trigger","nodeId":"641af050-ce3a-41e6-98eb-30acf82ccc6f"}}
{"__type":"$$EventMessageConfirm","confirm":"2b5a9cb4-fd4f-43a6-abf4-861d63de7c0c","ts":"2025-10-06T13:17:00.054+08:00","source":{"id":"0","name":"eventBus"}}
{"__type":"$$EventMessageNode","id":"4e1f07f2-2587-4ec1-937a-201dde5182aa","ts":"2025-10-06T13:17:00.054+08:00","eventName":"n8n.node.finished","message":"n8n.node.finished","payload":{"workflowId":"I3musaDYyO2Ask6D","workflowName":"ExpenseTracker-MainProcess","executionId":"453","nodeType":"n8n-nodes-base.scheduleTrigger","nodeName":"Schedule Trigger","nodeId":"641af050-ce3a-41e6-98eb-30acf82ccc6f"}}
{"__type":"$$EventMessageConfirm","confirm":"4e1f07f2-2587-4ec1-937a-201dde5182aa","ts":"2025-10-06T13:17:00.054+08:00","source":{"id":"0","name":"eventBus"}}
{"__type":"$$EventMessageNode","id":"325c0c91-0e94-401d-a751-07fb4008af09","ts":"2025-10-06T13:17:00.054+08:00","eventName":"n8n.node.started","message":"n8n.node.started","payload":{"workflowId":"I3musaDYyO2Ask6D","workflowName":"ExpenseTracker-MainProcess","executionId":"453","nodeType":"n8n-nodes-base.redis","nodeName":"Redis1","nodeId":"d3d9ed7d-c9e7-453e-bacc-c09e1a4f2818"}}
{"__type":"$$EventMessageConfirm","confirm":"325c0c91-0e94-401d-a751-07fb4008af09","ts":"2025-10-06T13:17:00.054+08:00","source":{"id":"0","name":"eventBus"}}
{"__type":"$$EventMessageNode","id":"dc50d788-0bf1-4925-bf16-0b7f315e753b","ts":"2025-10-06T13:17:00.066+08:00","eventName":"n8n.node.finished","message":"n8n.node.finished","payload":{"workflowId":"I3musaDYyO2Ask6D","workflowName":"ExpenseTracker-MainProcess","executionId":"453","nodeType":"n8n-nodes-base.redis","nodeName":"Redis1","nodeId":"d3d9ed7d-c9e7-453e-bacc-c09e1a4f2818"}}
{"__type":"$$EventMessageConfirm","confirm":"dc50d788-0bf1-4925-bf16-0b7f315e753b","ts":"2025-10-06T13:17:00.066+08:00","source":{"id":"0","name":"eventBus"}}
{"__type":"$$EventMessageNode","id":"d083daf9-075a-4142-a802-7b6aa7da4098","ts":"2025-10-06T13:17:00.066+08:00","eventName":"n8n.node.started","message":"n8n.node.started","payload":{"workflowId":"I3musaDYyO2Ask6D","workflowName":"ExpenseTracker-MainProcess","executionId":"453","nodeType":"n8n-nodes-base.code","nodeName":"Code in JavaScript","nodeId":"d8000e14-2e2c-4f10-8e59-8b5af4d60c0d"}}
{"__type":"$$EventMessageConfirm","confirm":"d083daf9-075a-4142-a802-7b6aa7da4098","ts":"2025-10-06T13:17:00.066+08:00","source":{"id":"0","name":"eventBus"}}
{"__type":"$$EventMessageRunner","id":"10640d12-8902-4b87-b3e3-bb0994eddead","ts":"2025-10-06T13:17:00.068+08:00","eventName":"n8n.runner.task.requested","message":"n8n.runner.task.requested","payload":{"taskId":"k3dOFqVB","nodeId":"d8000e14-2e2c-4f10-8e59-8b5af4d60c0d","workflowId":"I3musaDYyO2Ask6D","executionId":"453"}}
{"__type":"$$EventMessageConfirm","confirm":"10640d12-8902-4b87-b3e3-bb0994eddead","ts":"2025-10-06T13:17:00.068+08:00","source":{"id":"0","name":"eventBus"}}
{"__type":"$$EventMessageRunner","id":"0c2e7250-6284-48c4-b527-d26bc8b09ff7","ts":"2025-10-06T13:17:00.084+08:00","eventName":"n8n.runner.response.received","message":"n8n.runner.response.received","payload":{"taskId":"k3dOFqVB","nodeId":"d8000e14-2e2c-4f10-8e59-8b5af4d60c0d","workflowId":"I3musaDYyO2Ask6D","executionId":"453"}}
{"__type":"$$EventMessageConfirm","confirm":"0c2e7250-6284-48c4-b527-d26bc8b09ff7","ts":"2025-10-06T13:17:00.084+08:00","source":{"id":"0","name":"eventBus"}}
{"__type":"$$EventMessageNode","id":"6fd15b4e-b285-4005-8a06-d327981aa56d","ts":"2025-10-06T13:17:00.084+08:00","eventName":"n8n.node.finished","message":"n8n.node.finished","payload":{"workflowId":"I3musaDYyO2Ask6D","workflowName":"ExpenseTracker-MainProcess","executionId":"453","nodeType":"n8n-nodes-base.code","nodeName":"Code in JavaScript","nodeId":"d8000e14-2e2c-4f10-8e59-8b5af4d60c0d"}}
{"__type":"$$EventMessageConfirm","confirm":"6fd15b4e-b285-4005-8a06-d327981aa56d","ts":"2025-10-06T13:17:00.084+08:00","source":{"id":"0","name":"eventBus"}}
{"__type":"$$EventMessageWorkflow","id":"51d1dbf8-10a8-4d37-9163-0745dc38a33e","ts":"2025-10-06T13:17:00.084+08:00","eventName":"n8n.workflow.success","message":"n8n.workflow.success","payload":{"executionId":"453","success":true,"isManual":false,"workflowId":"I3musaDYyO2Ask6D","workflowName":"ExpenseTracker-MainProcess"}}
{"__type":"$$EventMessageConfirm","confirm":"51d1dbf8-10a8-4d37-9163-0745dc38a33e","ts":"2025-10-06T13:17:00.084+08:00","source":{"id":"0","name":"eventBus"}}
{"__type":"$$EventMessageWorkflow","id":"3f49d0bb-deaf-470b-bdf0-c1b74f1ab260","ts":"2025-10-06T13:17:10.026+08:00","eventName":"n8n.workflow.started","message":"n8n.workflow.started","payload":{"executionId":"454","workflowId":"I3musaDYyO2Ask6D","isManual":false,"workflowName":"ExpenseTracker-MainProcess"}}
{"__type":"$$EventMessageConfirm","confirm":"3f49d0bb-deaf-470b-bdf0-c1b74f1ab260","ts":"2025-10-06T13:17:10.027+08:00","source":{"id":"0","name":"eventBus"}}
{"__type":"$$EventMessageNode","id":"c07b08f9-8aea-45e3-b4b6-40b0a1182a5d","ts":"2025-10-06T13:17:10.027+08:00","eventName":"n8n.node.started","message":"n8n.node.started","payload":{"workflowId":"I3musaDYyO2Ask6D","workflowName":"ExpenseTracker-MainProcess","executionId":"454","nodeType":"n8n-nodes-base.scheduleTrigger","nodeName":"Schedule Trigger","nodeId":"641af050-ce3a-41e6-98eb-30acf82ccc6f"}}
{"__type":"$$EventMessageConfirm","confirm":"c07b08f9-8aea-45e3-b4b6-40b0a1182a5d","ts":"2025-10-06T13:17:10.027+08:00","source":{"id":"0","name":"eventBus"}}
{"__type":"$$EventMessageNode","id":"14155718-0e94-4b19-9c83-c4588dc79bb4","ts":"2025-10-06T13:17:10.027+08:00","eventName":"n8n.node.finished","message":"n8n.node.finished","payload":{"workflowId":"I3musaDYyO2Ask6D","workflowName":"ExpenseTracker-MainProcess","executionId":"454","nodeType":"n8n-nodes-base.scheduleTrigger","nodeName":"Schedule Trigger","nodeId":"641af050-ce3a-41e6-98eb-30acf82ccc6f"}}
{"__type":"$$EventMessageConfirm","confirm":"14155718-0e94-4b19-9c83-c4588dc79bb4","ts":"2025-10-06T13:17:10.027+08:00","source":{"id":"0","name":"eventBus"}}
{"__type":"$$EventMessageNode","id":"d4d7b268-65eb-47c7-b20d-4621f53d5069","ts":"2025-10-06T13:17:10.027+08:00","eventName":"n8n.node.started","message":"n8n.node.started","payload":{"workflowId":"I3musaDYyO2Ask6D","workflowName":"ExpenseTracker-MainProcess","executionId":"454","nodeType":"n8n-nodes-base.redis","nodeName":"Redis1","nodeId":"d3d9ed7d-c9e7-453e-bacc-c09e1a4f2818"}}
{"__type":"$$EventMessageConfirm","confirm":"d4d7b268-65eb-47c7-b20d-4621f53d5069","ts":"2025-10-06T13:17:10.027+08:00","source":{"id":"0","name":"eventBus"}}
{"__type":"$$EventMessageNode","id":"4c5718be-0e99-40dd-84ce-1fe35c6065b5","ts":"2025-10-06T13:17:10.034+08:00","eventName":"n8n.node.finished","message":"n8n.node.finished","payload":{"workflowId":"I3musaDYyO2Ask6D","workflowName":"ExpenseTracker-MainProcess","executionId":"454","nodeType":"n8n-nodes-base.redis","nodeName":"Redis1","nodeId":"d3d9ed7d-c9e7-453e-bacc-c09e1a4f2818"}}
{"__type":"$$EventMessageConfirm","confirm":"4c5718be-0e99-40dd-84ce-1fe35c6065b5","ts":"2025-10-06T13:17:10.034+08:00","source":{"id":"0","name":"eventBus"}}
{"__type":"$$EventMessageNode","id":"b85809e6-cd2e-4d93-80f8-17267a364f57","ts":"2025-10-06T13:17:10.034+08:00","eventName":"n8n.node.started","message":"n8n.node.started","payload":{"workflowId":"I3musaDYyO2Ask6D","workflowName":"ExpenseTracker-MainProcess","executionId":"454","nodeType":"n8n-nodes-base.code","nodeName":"Code in JavaScript","nodeId":"d8000e14-2e2c-4f10-8e59-8b5af4d60c0d"}}
{"__type":"$$EventMessageConfirm","confirm":"b85809e6-cd2e-4d93-80f8-17267a364f57","ts":"2025-10-06T13:17:10.034+08:00","source":{"id":"0","name":"eventBus"}}
{"__type":"$$EventMessageRunner","id":"960e26a6-3166-459f-a2cb-e89f693d798e","ts":"2025-10-06T13:17:10.036+08:00","eventName":"n8n.runner.task.requested","message":"n8n.runner.task.requested","payload":{"taskId":"R6Vw_1R3","nodeId":"d8000e14-2e2c-4f10-8e59-8b5af4d60c0d","workflowId":"I3musaDYyO2Ask6D","executionId":"454"}}
{"__type":"$$EventMessageConfirm","confirm":"960e26a6-3166-459f-a2cb-e89f693d798e","ts":"2025-10-06T13:17:10.036+08:00","source":{"id":"0","name":"eventBus"}}
{"__type":"$$EventMessageRunner","id":"96a86b6c-f55c-4835-87db-7337cef2275f","ts":"2025-10-06T13:17:10.042+08:00","eventName":"n8n.runner.response.received","message":"n8n.runner.response.received","payload":{"taskId":"R6Vw_1R3","nodeId":"d8000e14-2e2c-4f10-8e59-8b5af4d60c0d","workflowId":"I3musaDYyO2Ask6D","executionId":"454"}}
{"__type":"$$EventMessageConfirm","confirm":"96a86b6c-f55c-4835-87db-7337cef2275f","ts":"2025-10-06T13:17:10.042+08:00","source":{"id":"0","name":"eventBus"}}
{"__type":"$$EventMessageNode","id":"af1ae3d6-80ed-4485-9f4e-d6cf5fdb4b51","ts":"2025-10-06T13:17:10.042+08:00","eventName":"n8n.node.finished","message":"n8n.node.finished","payload":{"workflowId":"I3musaDYyO2Ask6D","workflowName":"ExpenseTracker-MainProcess","executionId":"454","nodeType":"n8n-nodes-base.code","nodeName":"Code in JavaScript","nodeId":"d8000e14-2e2c-4f10-8e59-8b5af4d60c0d"}}
{"__type":"$$EventMessageConfirm","confirm":"af1ae3d6-80ed-4485-9f4e-d6cf5fdb4b51","ts":"2025-10-06T13:17:10.042+08:00","source":{"id":"0","name":"eventBus"}}
{"__type":"$$EventMessageWorkflow","id":"a4a97b14-50fe-46de-a59a-defe92156407","ts":"2025-10-06T13:17:10.042+08:00","eventName":"n8n.workflow.success","message":"n8n.workflow.success","payload":{"executionId":"454","success":true,"isManual":false,"workflowId":"I3musaDYyO2Ask6D","workflowName":"ExpenseTracker-MainProcess"}}
{"__type":"$$EventMessageConfirm","confirm":"a4a97b14-50fe-46de-a59a-defe92156407","ts":"2025-10-06T13:17:10.042+08:00","source":{"id":"0","name":"eventBus"}}
{"__type":"$$EventMessageWorkflow","id":"d3481a07-957f-406c-b833-0cf6809d04a0","ts":"2025-10-06T13:17:20.036+08:00","eventName":"n8n.workflow.started","message":"n8n.workflow.started","payload":{"executionId":"455","workflowId":"I3musaDYyO2Ask6D","isManual":false,"workflowName":"ExpenseTracker-MainProcess"}}
{"__type":"$$EventMessageConfirm","confirm":"d3481a07-957f-406c-b833-0cf6809d04a0","ts":"2025-10-06T13:17:20.036+08:00","source":{"id":"0","name":"eventBus"}}
{"__type":"$$EventMessageNode","id":"1ad8f7e3-ea82-464b-8730-a5ee7c78c9c9","ts":"2025-10-06T13:17:20.037+08:00","eventName":"n8n.node.started","message":"n8n.node.started","payload":{"workflowId":"I3musaDYyO2Ask6D","workflowName":"ExpenseTracker-MainProcess","executionId":"455","nodeType":"n8n-nodes-base.scheduleTrigger","nodeName":"Schedule Trigger","nodeId":"641af050-ce3a-41e6-98eb-30acf82ccc6f"}}
{"__type":"$$EventMessageConfirm","confirm":"1ad8f7e3-ea82-464b-8730-a5ee7c78c9c9","ts":"2025-10-06T13:17:20.037+08:00","source":{"id":"0","name":"eventBus"}}
{"__type":"$$EventMessageNode","id":"77cf9d8e-9581-4e53-90d6-b092d3c6a599","ts":"2025-10-06T13:17:20.037+08:00","eventName":"n8n.node.finished","message":"n8n.node.finished","payload":{"workflowId":"I3musaDYyO2Ask6D","workflowName":"ExpenseTracker-MainProcess","executionId":"455","nodeType":"n8n-nodes-base.scheduleTrigger","nodeName":"Schedule Trigger","nodeId":"641af050-ce3a-41e6-98eb-30acf82ccc6f"}}
{"__type":"$$EventMessageConfirm","confirm":"77cf9d8e-9581-4e53-90d6-b092d3c6a599","ts":"2025-10-06T13:17:20.037+08:00","source":{"id":"0","name":"eventBus"}}
{"__type":"$$EventMessageNode","id":"81661902-a25f-4243-898e-45db393be439","ts":"2025-10-06T13:17:20.037+08:00","eventName":"n8n.node.started","message":"n8n.node.started","payload":{"workflowId":"I3musaDYyO2Ask6D","workflowName":"ExpenseTracker-MainProcess","executionId":"455","nodeType":"n8n-nodes-base.redis","nodeName":"Redis1","nodeId":"d3d9ed7d-c9e7-453e-bacc-c09e1a4f2818"}}
{"__type":"$$EventMessageConfirm","confirm":"81661902-a25f-4243-898e-45db393be439","ts":"2025-10-06T13:17:20.037+08:00","source":{"id":"0","name":"eventBus"}}
{"__type":"$$EventMessageNode","id":"0ca5bc27-65b3-49c4-bb44-4b3a65542795","ts":"2025-10-06T13:17:20.044+08:00","eventName":"n8n.node.finished","message":"n8n.node.finished","payload":{"workflowId":"I3musaDYyO2Ask6D","workflowName":"ExpenseTracker-MainProcess","executionId":"455","nodeType":"n8n-nodes-base.redis","nodeName":"Redis1","nodeId":"d3d9ed7d-c9e7-453e-bacc-c09e1a4f2818"}}
{"__type":"$$EventMessageConfirm","confirm":"0ca5bc27-65b3-49c4-bb44-4b3a65542795","ts":"2025-10-06T13:17:20.044+08:00","source":{"id":"0","name":"eventBus"}}
{"__type":"$$EventMessageNode","id":"72969150-19e5-4b7c-ad3c-f735e918da9b","ts":"2025-10-06T13:17:20.044+08:00","eventName":"n8n.node.started","message":"n8n.node.started","payload":{"workflowId":"I3musaDYyO2Ask6D","workflowName":"ExpenseTracker-MainProcess","executionId":"455","nodeType":"n8n-nodes-base.code","nodeName":"Code in JavaScript","nodeId":"d8000e14-2e2c-4f10-8e59-8b5af4d60c0d"}}
{"__type":"$$EventMessageConfirm","confirm":"72969150-19e5-4b7c-ad3c-f735e918da9b","ts":"2025-10-06T13:17:20.044+08:00","source":{"id":"0","name":"eventBus"}}
{"__type":"$$EventMessageRunner","id":"ce2e8627-286e-4658-a33a-9fe85c44650f","ts":"2025-10-06T13:17:20.045+08:00","eventName":"n8n.runner.task.requested","message":"n8n.runner.task.requested","payload":{"taskId":"CBaFQw8l","nodeId":"d8000e14-2e2c-4f10-8e59-8b5af4d60c0d","workflowId":"I3musaDYyO2Ask6D","executionId":"455"}}
{"__type":"$$EventMessageConfirm","confirm":"ce2e8627-286e-4658-a33a-9fe85c44650f","ts":"2025-10-06T13:17:20.045+08:00","source":{"id":"0","name":"eventBus"}}
{"__type":"$$EventMessageRunner","id":"de7f1c5a-44e3-41d4-9d77-d46cab628312","ts":"2025-10-06T13:17:20.057+08:00","eventName":"n8n.runner.response.received","message":"n8n.runner.response.received","payload":{"taskId":"CBaFQw8l","nodeId":"d8000e14-2e2c-4f10-8e59-8b5af4d60c0d","workflowId":"I3musaDYyO2Ask6D","executionId":"455"}}
{"__type":"$$EventMessageConfirm","confirm":"de7f1c5a-44e3-41d4-9d77-d46cab628312","ts":"2025-10-06T13:17:20.057+08:00","source":{"id":"0","name":"eventBus"}}
{"__type":"$$EventMessageNode","id":"73aa1a99-448e-4d88-a65c-9590abe5b1d3","ts":"2025-10-06T13:17:20.057+08:00","eventName":"n8n.node.finished","message":"n8n.node.finished","payload":{"workflowId":"I3musaDYyO2Ask6D","workflowName":"ExpenseTracker-MainProcess","executionId":"455","nodeType":"n8n-nodes-base.code","nodeName":"Code in JavaScript","nodeId":"d8000e14-2e2c-4f10-8e59-8b5af4d60c0d"}}
{"__type":"$$EventMessageConfirm","confirm":"73aa1a99-448e-4d88-a65c-9590abe5b1d3","ts":"2025-10-06T13:17:20.057+08:00","source":{"id":"0","name":"eventBus"}}
{"__type":"$$EventMessageWorkflow","id":"58ce2bc4-1003-440a-b042-6b74203830f3","ts":"2025-10-06T13:17:20.057+08:00","eventName":"n8n.workflow.success","message":"n8n.workflow.success","payload":{"executionId":"455","success":true,"isManual":false,"workflowId":"I3musaDYyO2Ask6D","workflowName":"ExpenseTracker-MainProcess"}}
{"__type":"$$EventMessageConfirm","confirm":"58ce2bc4-1003-440a-b042-6b74203830f3","ts":"2025-10-06T13:17:20.057+08:00","source":{"id":"0","name":"eventBus"}}
{"__type":"$$EventMessageWorkflow","id":"5a78256a-f8be-44e7-b2bc-47a007f3ff65","ts":"2025-10-06T13:17:30.040+08:00","eventName":"n8n.workflow.started","message":"n8n.workflow.started","payload":{"executionId":"456","workflowId":"I3musaDYyO2Ask6D","isManual":false,"workflowName":"ExpenseTracker-MainProcess"}}
{"__type":"$$EventMessageConfirm","confirm":"5a78256a-f8be-44e7-b2bc-47a007f3ff65","ts":"2025-10-06T13:17:30.040+08:00","source":{"id":"0","name":"eventBus"}}
{"__type":"$$EventMessageNode","id":"426ebe80-9baf-4faa-b9ad-a21547378bd4","ts":"2025-10-06T13:17:30.040+08:00","eventName":"n8n.node.started","message":"n8n.node.started","payload":{"workflowId":"I3musaDYyO2Ask6D","workflowName":"ExpenseTracker-MainProcess","executionId":"456","nodeType":"n8n-nodes-base.scheduleTrigger","nodeName":"Schedule Trigger","nodeId":"641af050-ce3a-41e6-98eb-30acf82ccc6f"}}
{"__type":"$$EventMessageConfirm","confirm":"426ebe80-9baf-4faa-b9ad-a21547378bd4","ts":"2025-10-06T13:17:30.040+08:00","source":{"id":"0","name":"eventBus"}}
{"__type":"$$EventMessageNode","id":"b07b0f98-c732-4e28-ad86-ee1f71835985","ts":"2025-10-06T13:17:30.041+08:00","eventName":"n8n.node.finished","message":"n8n.node.finished","payload":{"workflowId":"I3musaDYyO2Ask6D","workflowName":"ExpenseTracker-MainProcess","executionId":"456","nodeType":"n8n-nodes-base.scheduleTrigger","nodeName":"Schedule Trigger","nodeId":"641af050-ce3a-41e6-98eb-30acf82ccc6f"}}
{"__type":"$$EventMessageConfirm","confirm":"b07b0f98-c732-4e28-ad86-ee1f71835985","ts":"2025-10-06T13:17:30.041+08:00","source":{"id":"0","name":"eventBus"}}
{"__type":"$$EventMessageNode","id":"2e167484-f892-40b7-a436-59a00682c8a6","ts":"2025-10-06T13:17:30.041+08:00","eventName":"n8n.node.started","message":"n8n.node.started","payload":{"workflowId":"I3musaDYyO2Ask6D","workflowName":"ExpenseTracker-MainProcess","executionId":"456","nodeType":"n8n-nodes-base.redis","nodeName":"Redis1","nodeId":"d3d9ed7d-c9e7-453e-bacc-c09e1a4f2818"}}
{"__type":"$$EventMessageConfirm","confirm":"2e167484-f892-40b7-a436-59a00682c8a6","ts":"2025-10-06T13:17:30.041+08:00","source":{"id":"0","name":"eventBus"}}
{"__type":"$$EventMessageNode","id":"7584bd45-723a-4867-a5b9-f630a9cfd00c","ts":"2025-10-06T13:17:30.047+08:00","eventName":"n8n.node.finished","message":"n8n.node.finished","payload":{"workflowId":"I3musaDYyO2Ask6D","workflowName":"ExpenseTracker-MainProcess","executionId":"456","nodeType":"n8n-nodes-base.redis","nodeName":"Redis1","nodeId":"d3d9ed7d-c9e7-453e-bacc-c09e1a4f2818"}}
{"__type":"$$EventMessageConfirm","confirm":"7584bd45-723a-4867-a5b9-f630a9cfd00c","ts":"2025-10-06T13:17:30.047+08:00","source":{"id":"0","name":"eventBus"}}
{"__type":"$$EventMessageNode","id":"c0384766-f004-4e8f-a1da-63bba29f4aae","ts":"2025-10-06T13:17:30.047+08:00","eventName":"n8n.node.started","message":"n8n.node.started","payload":{"workflowId":"I3musaDYyO2Ask6D","workflowName":"ExpenseTracker-MainProcess","executionId":"456","nodeType":"n8n-nodes-base.code","nodeName":"Code in JavaScript","nodeId":"d8000e14-2e2c-4f10-8e59-8b5af4d60c0d"}}
{"__type":"$$EventMessageConfirm","confirm":"c0384766-f004-4e8f-a1da-63bba29f4aae","ts":"2025-10-06T13:17:30.047+08:00","source":{"id":"0","name":"eventBus"}}
{"__type":"$$EventMessageRunner","id":"dc985e5f-bcfd-4dc2-a035-4d6362719dbf","ts":"2025-10-06T13:17:30.048+08:00","eventName":"n8n.runner.task.requested","message":"n8n.runner.task.requested","payload":{"taskId":"19SK1nAn","nodeId":"d8000e14-2e2c-4f10-8e59-8b5af4d60c0d","workflowId":"I3musaDYyO2Ask6D","executionId":"456"}}
{"__type":"$$EventMessageConfirm","confirm":"dc985e5f-bcfd-4dc2-a035-4d6362719dbf","ts":"2025-10-06T13:17:30.048+08:00","source":{"id":"0","name":"eventBus"}}
{"__type":"$$EventMessageRunner","id":"60badade-bed1-4a48-8ec3-70f3f098807e","ts":"2025-10-06T13:17:30.054+08:00","eventName":"n8n.runner.response.received","message":"n8n.runner.response.received","payload":{"taskId":"19SK1nAn","nodeId":"d8000e14-2e2c-4f10-8e59-8b5af4d60c0d","workflowId":"I3musaDYyO2Ask6D","executionId":"456"}}
{"__type":"$$EventMessageConfirm","confirm":"60badade-bed1-4a48-8ec3-70f3f098807e","ts":"2025-10-06T13:17:30.054+08:00","source":{"id":"0","name":"eventBus"}}
{"__type":"$$EventMessageNode","id":"70ca5024-e133-4fad-860b-17f2cafc517d","ts":"2025-10-06T13:17:30.054+08:00","eventName":"n8n.node.finished","message":"n8n.node.finished","payload":{"workflowId":"I3musaDYyO2Ask6D","workflowName":"ExpenseTracker-MainProcess","executionId":"456","nodeType":"n8n-nodes-base.code","nodeName":"Code in JavaScript","nodeId":"d8000e14-2e2c-4f10-8e59-8b5af4d60c0d"}}
{"__type":"$$EventMessageConfirm","confirm":"70ca5024-e133-4fad-860b-17f2cafc517d","ts":"2025-10-06T13:17:30.054+08:00","source":{"id":"0","name":"eventBus"}}
{"__type":"$$EventMessageWorkflow","id":"13d30bbb-995f-46f7-9564-fffb63110ac0","ts":"2025-10-06T13:17:30.054+08:00","eventName":"n8n.workflow.success","message":"n8n.workflow.success","payload":{"executionId":"456","success":true,"isManual":false,"workflowId":"I3musaDYyO2Ask6D","workflowName":"ExpenseTracker-MainProcess"}}
{"__type":"$$EventMessageConfirm","confirm":"13d30bbb-995f-46f7-9564-fffb63110ac0","ts":"2025-10-06T13:17:30.054+08:00","source":{"id":"0","name":"eventBus"}}
{"__type":"$$EventMessageWorkflow","id":"678fe1b4-0196-4644-b5eb-0dd447798448","ts":"2025-10-06T13:17:40.042+08:00","eventName":"n8n.workflow.started","message":"n8n.workflow.started","payload":{"executionId":"457","workflowId":"I3musaDYyO2Ask6D","isManual":false,"workflowName":"ExpenseTracker-MainProcess"}}
{"__type":"$$EventMessageConfirm","confirm":"678fe1b4-0196-4644-b5eb-0dd447798448","ts":"2025-10-06T13:17:40.042+08:00","source":{"id":"0","name":"eventBus"}}
{"__type":"$$EventMessageNode","id":"ce0d6862-2c88-4a6c-9e05-e414454e518c","ts":"2025-10-06T13:17:40.042+08:00","eventName":"n8n.node.started","message":"n8n.node.started","payload":{"workflowId":"I3musaDYyO2Ask6D","workflowName":"ExpenseTracker-MainProcess","executionId":"457","nodeType":"n8n-nodes-base.scheduleTrigger","nodeName":"Schedule Trigger","nodeId":"641af050-ce3a-41e6-98eb-30acf82ccc6f"}}
{"__type":"$$EventMessageConfirm","confirm":"ce0d6862-2c88-4a6c-9e05-e414454e518c","ts":"2025-10-06T13:17:40.042+08:00","source":{"id":"0","name":"eventBus"}}
{"__type":"$$EventMessageNode","id":"e83ad387-e6ba-4af1-8517-33354737524e","ts":"2025-10-06T13:17:40.042+08:00","eventName":"n8n.node.finished","message":"n8n.node.finished","payload":{"workflowId":"I3musaDYyO2Ask6D","workflowName":"ExpenseTracker-MainProcess","executionId":"457","nodeType":"n8n-nodes-base.scheduleTrigger","nodeName":"Schedule Trigger","nodeId":"641af050-ce3a-41e6-98eb-30acf82ccc6f"}}
{"__type":"$$EventMessageConfirm","confirm":"e83ad387-e6ba-4af1-8517-33354737524e","ts":"2025-10-06T13:17:40.042+08:00","source":{"id":"0","name":"eventBus"}}
{"__type":"$$EventMessageNode","id":"dc4e540f-4214-462a-95db-9c653fac5dfd","ts":"2025-10-06T13:17:40.042+08:00","eventName":"n8n.node.started","message":"n8n.node.started","payload":{"workflowId":"I3musaDYyO2Ask6D","workflowName":"ExpenseTracker-MainProcess","executionId":"457","nodeType":"n8n-nodes-base.redis","nodeName":"Redis1","nodeId":"d3d9ed7d-c9e7-453e-bacc-c09e1a4f2818"}}
{"__type":"$$EventMessageConfirm","confirm":"dc4e540f-4214-462a-95db-9c653fac5dfd","ts":"2025-10-06T13:17:40.042+08:00","source":{"id":"0","name":"eventBus"}}
{"__type":"$$EventMessageNode","id":"33340a4d-4ca0-499d-93be-6e27fa2eaf31","ts":"2025-10-06T13:17:40.047+08:00","eventName":"n8n.node.finished","message":"n8n.node.finished","payload":{"workflowId":"I3musaDYyO2Ask6D","workflowName":"ExpenseTracker-MainProcess","executionId":"457","nodeType":"n8n-nodes-base.redis","nodeName":"Redis1","nodeId":"d3d9ed7d-c9e7-453e-bacc-c09e1a4f2818"}}
{"__type":"$$EventMessageConfirm","confirm":"33340a4d-4ca0-499d-93be-6e27fa2eaf31","ts":"2025-10-06T13:17:40.047+08:00","source":{"id":"0","name":"eventBus"}}
{"__type":"$$EventMessageNode","id":"42966ed0-2dfb-442d-b382-408b026a24b7","ts":"2025-10-06T13:17:40.047+08:00","eventName":"n8n.node.started","message":"n8n.node.started","payload":{"workflowId":"I3musaDYyO2Ask6D","workflowName":"ExpenseTracker-MainProcess","executionId":"457","nodeType":"n8n-nodes-base.code","nodeName":"Code in JavaScript","nodeId":"d8000e14-2e2c-4f10-8e59-8b5af4d60c0d"}}
{"__type":"$$EventMessageConfirm","confirm":"42966ed0-2dfb-442d-b382-408b026a24b7","ts":"2025-10-06T13:17:40.047+08:00","source":{"id":"0","name":"eventBus"}}
{"__type":"$$EventMessageRunner","id":"2f2bfbd0-16f3-498b-b7d7-22c985e1f6db","ts":"2025-10-06T13:17:40.048+08:00","eventName":"n8n.runner.task.requested","message":"n8n.runner.task.requested","payload":{"taskId":"TqbkW0ht","nodeId":"d8000e14-2e2c-4f10-8e59-8b5af4d60c0d","workflowId":"I3musaDYyO2Ask6D","executionId":"457"}}
{"__type":"$$EventMessageConfirm","confirm":"2f2bfbd0-16f3-498b-b7d7-22c985e1f6db","ts":"2025-10-06T13:17:40.048+08:00","source":{"id":"0","name":"eventBus"}}
{"__type":"$$EventMessageRunner","id":"f70d7d3c-5832-4e06-b005-c7be7cc157e7","ts":"2025-10-06T13:17:40.054+08:00","eventName":"n8n.runner.response.received","message":"n8n.runner.response.received","payload":{"taskId":"TqbkW0ht","nodeId":"d8000e14-2e2c-4f10-8e59-8b5af4d60c0d","workflowId":"I3musaDYyO2Ask6D","executionId":"457"}}
{"__type":"$$EventMessageConfirm","confirm":"f70d7d3c-5832-4e06-b005-c7be7cc157e7","ts":"2025-10-06T13:17:40.054+08:00","source":{"id":"0","name":"eventBus"}}
{"__type":"$$EventMessageNode","id":"1629c49b-2ae1-4043-b9ec-cabe1683af33","ts":"2025-10-06T13:17:40.054+08:00","eventName":"n8n.node.finished","message":"n8n.node.finished","payload":{"workflowId":"I3musaDYyO2Ask6D","workflowName":"ExpenseTracker-MainProcess","executionId":"457","nodeType":"n8n-nodes-base.code","nodeName":"Code in JavaScript","nodeId":"d8000e14-2e2c-4f10-8e59-8b5af4d60c0d"}}
{"__type":"$$EventMessageConfirm","confirm":"1629c49b-2ae1-4043-b9ec-cabe1683af33","ts":"2025-10-06T13:17:40.054+08:00","source":{"id":"0","name":"eventBus"}}
{"__type":"$$EventMessageWorkflow","id":"d52b97ae-ee2c-440a-8d7f-b3106b8ba225","ts":"2025-10-06T13:17:40.055+08:00","eventName":"n8n.workflow.success","message":"n8n.workflow.success","payload":{"executionId":"457","success":true,"isManual":false,"workflowId":"I3musaDYyO2Ask6D","workflowName":"ExpenseTracker-MainProcess"}}
{"__type":"$$EventMessageConfirm","confirm":"d52b97ae-ee2c-440a-8d7f-b3106b8ba225","ts":"2025-10-06T13:17:40.055+08:00","source":{"id":"0","name":"eventBus"}}
{"__type":"$$EventMessageWorkflow","id":"f14252e3-087f-48df-8626-555734e412af","ts":"2025-10-06T13:17:50.038+08:00","eventName":"n8n.workflow.started","message":"n8n.workflow.started","payload":{"executionId":"458","workflowId":"I3musaDYyO2Ask6D","isManual":false,"workflowName":"ExpenseTracker-MainProcess"}}
{"__type":"$$EventMessageConfirm","confirm":"f14252e3-087f-48df-8626-555734e412af","ts":"2025-10-06T13:17:50.038+08:00","source":{"id":"0","name":"eventBus"}}
{"__type":"$$EventMessageNode","id":"176a4f7c-da7c-4cec-aca1-10a94c1fbeca","ts":"2025-10-06T13:17:50.039+08:00","eventName":"n8n.node.started","message":"n8n.node.started","payload":{"workflowId":"I3musaDYyO2Ask6D","workflowName":"ExpenseTracker-MainProcess","executionId":"458","nodeType":"n8n-nodes-base.scheduleTrigger","nodeName":"Schedule Trigger","nodeId":"641af050-ce3a-41e6-98eb-30acf82ccc6f"}}
{"__type":"$$EventMessageConfirm","confirm":"176a4f7c-da7c-4cec-aca1-10a94c1fbeca","ts":"2025-10-06T13:17:50.039+08:00","source":{"id":"0","name":"eventBus"}}
{"__type":"$$EventMessageNode","id":"0c2479af-8cdf-43b0-8b74-151517129e13","ts":"2025-10-06T13:17:50.039+08:00","eventName":"n8n.node.finished","message":"n8n.node.finished","payload":{"workflowId":"I3musaDYyO2Ask6D","workflowName":"ExpenseTracker-MainProcess","executionId":"458","nodeType":"n8n-nodes-base.scheduleTrigger","nodeName":"Schedule Trigger","nodeId":"641af050-ce3a-41e6-98eb-30acf82ccc6f"}}
{"__type":"$$EventMessageConfirm","confirm":"0c2479af-8cdf-43b0-8b74-151517129e13","ts":"2025-10-06T13:17:50.039+08:00","source":{"id":"0","name":"eventBus"}}
{"__type":"$$EventMessageNode","id":"dfdc5016-f3c9-4fe3-a748-0ed71d6b0ceb","ts":"2025-10-06T13:17:50.039+08:00","eventName":"n8n.node.started","message":"n8n.node.started","payload":{"workflowId":"I3musaDYyO2Ask6D","workflowName":"ExpenseTracker-MainProcess","executionId":"458","nodeType":"n8n-nodes-base.redis","nodeName":"Redis1","nodeId":"d3d9ed7d-c9e7-453e-bacc-c09e1a4f2818"}}
{"__type":"$$EventMessageConfirm","confirm":"dfdc5016-f3c9-4fe3-a748-0ed71d6b0ceb","ts":"2025-10-06T13:17:50.039+08:00","source":{"id":"0","name":"eventBus"}}
{"__type":"$$EventMessageNode","id":"0be9fef6-b1a4-4592-82aa-e9c67fcce5a9","ts":"2025-10-06T13:17:50.047+08:00","eventName":"n8n.node.finished","message":"n8n.node.finished","payload":{"workflowId":"I3musaDYyO2Ask6D","workflowName":"ExpenseTracker-MainProcess","executionId":"458","nodeType":"n8n-nodes-base.redis","nodeName":"Redis1","nodeId":"d3d9ed7d-c9e7-453e-bacc-c09e1a4f2818"}}
{"__type":"$$EventMessageConfirm","confirm":"0be9fef6-b1a4-4592-82aa-e9c67fcce5a9","ts":"2025-10-06T13:17:50.047+08:00","source":{"id":"0","name":"eventBus"}}
{"__type":"$$EventMessageNode","id":"08e69c38-ddeb-45a5-b902-0b6fc2dcf5d1","ts":"2025-10-06T13:17:50.047+08:00","eventName":"n8n.node.started","message":"n8n.node.started","payload":{"workflowId":"I3musaDYyO2Ask6D","workflowName":"ExpenseTracker-MainProcess","executionId":"458","nodeType":"n8n-nodes-base.code","nodeName":"Code in JavaScript","nodeId":"d8000e14-2e2c-4f10-8e59-8b5af4d60c0d"}}
{"__type":"$$EventMessageConfirm","confirm":"08e69c38-ddeb-45a5-b902-0b6fc2dcf5d1","ts":"2025-10-06T13:17:50.047+08:00","source":{"id":"0","name":"eventBus"}}
{"__type":"$$EventMessageRunner","id":"1b99ce7a-7752-40f1-976f-04211dc20ad9","ts":"2025-10-06T13:17:50.048+08:00","eventName":"n8n.runner.task.requested","message":"n8n.runner.task.requested","payload":{"taskId":"EkTjTjMf","nodeId":"d8000e14-2e2c-4f10-8e59-8b5af4d60c0d","workflowId":"I3musaDYyO2Ask6D","executionId":"458"}}
{"__type":"$$EventMessageConfirm","confirm":"1b99ce7a-7752-40f1-976f-04211dc20ad9","ts":"2025-10-06T13:17:50.048+08:00","source":{"id":"0","name":"eventBus"}}
{"__type":"$$EventMessageRunner","id":"6898ccaa-7b89-4a74-9af8-a7b916ce5341","ts":"2025-10-06T13:17:50.053+08:00","eventName":"n8n.runner.response.received","message":"n8n.runner.response.received","payload":{"taskId":"EkTjTjMf","nodeId":"d8000e14-2e2c-4f10-8e59-8b5af4d60c0d","workflowId":"I3musaDYyO2Ask6D","executionId":"458"}}
{"__type":"$$EventMessageConfirm","confirm":"6898ccaa-7b89-4a74-9af8-a7b916ce5341","ts":"2025-10-06T13:17:50.053+08:00","source":{"id":"0","name":"eventBus"}}
{"__type":"$$EventMessageNode","id":"d5ac4a9b-1664-4820-af2a-d74b8b9b8866","ts":"2025-10-06T13:17:50.053+08:00","eventName":"n8n.node.finished","message":"n8n.node.finished","payload":{"workflowId":"I3musaDYyO2Ask6D","workflowName":"ExpenseTracker-MainProcess","executionId":"458","nodeType":"n8n-nodes-base.code","nodeName":"Code in JavaScript","nodeId":"d8000e14-2e2c-4f10-8e59-8b5af4d60c0d"}}
{"__type":"$$EventMessageConfirm","confirm":"d5ac4a9b-1664-4820-af2a-d74b8b9b8866","ts":"2025-10-06T13:17:50.053+08:00","source":{"id":"0","name":"eventBus"}}
{"__type":"$$EventMessageWorkflow","id":"d3674f9b-06e1-40db-a93b-6202ace0028b","ts":"2025-10-06T13:17:50.054+08:00","eventName":"n8n.workflow.success","message":"n8n.workflow.success","payload":{"executionId":"458","success":true,"isManual":false,"workflowId":"I3musaDYyO2Ask6D","workflowName":"ExpenseTracker-MainProcess"}}
{"__type":"$$EventMessageConfirm","confirm":"d3674f9b-06e1-40db-a93b-6202ace0028b","ts":"2025-10-06T13:17:50.054+08:00","source":{"id":"0","name":"eventBus"}}
{"__type":"$$EventMessageWorkflow","id":"011e58ed-62c7-4e87-8705-ac0d33118043","ts":"2025-10-06T13:18:00.053+08:00","eventName":"n8n.workflow.started","message":"n8n.workflow.started","payload":{"executionId":"459","workflowId":"I3musaDYyO2Ask6D","isManual":false,"workflowName":"ExpenseTracker-MainProcess"}}
{"__type":"$$EventMessageConfirm","confirm":"011e58ed-62c7-4e87-8705-ac0d33118043","ts":"2025-10-06T13:18:00.054+08:00","source":{"id":"0","name":"eventBus"}}
{"__type":"$$EventMessageNode","id":"20593487-f7f7-433f-85db-5007f68999b4","ts":"2025-10-06T13:18:00.054+08:00","eventName":"n8n.node.started","message":"n8n.node.started","payload":{"workflowId":"I3musaDYyO2Ask6D","workflowName":"ExpenseTracker-MainProcess","executionId":"459","nodeType":"n8n-nodes-base.scheduleTrigger","nodeName":"Schedule Trigger","nodeId":"641af050-ce3a-41e6-98eb-30acf82ccc6f"}}
{"__type":"$$EventMessageConfirm","confirm":"20593487-f7f7-433f-85db-5007f68999b4","ts":"2025-10-06T13:18:00.054+08:00","source":{"id":"0","name":"eventBus"}}
{"__type":"$$EventMessageNode","id":"72afa745-8d61-4d95-a6b1-cea278cdc26b","ts":"2025-10-06T13:18:00.054+08:00","eventName":"n8n.node.finished","message":"n8n.node.finished","payload":{"workflowId":"I3musaDYyO2Ask6D","workflowName":"ExpenseTracker-MainProcess","executionId":"459","nodeType":"n8n-nodes-base.scheduleTrigger","nodeName":"Schedule Trigger","nodeId":"641af050-ce3a-41e6-98eb-30acf82ccc6f"}}
{"__type":"$$EventMessageConfirm","confirm":"72afa745-8d61-4d95-a6b1-cea278cdc26b","ts":"2025-10-06T13:18:00.054+08:00","source":{"id":"0","name":"eventBus"}}
{"__type":"$$EventMessageNode","id":"e852c2b3-4912-4dd5-90aa-e7fc1f944d8e","ts":"2025-10-06T13:18:00.055+08:00","eventName":"n8n.node.started","message":"n8n.node.started","payload":{"workflowId":"I3musaDYyO2Ask6D","workflowName":"ExpenseTracker-MainProcess","executionId":"459","nodeType":"n8n-nodes-base.redis","nodeName":"Redis1","nodeId":"d3d9ed7d-c9e7-453e-bacc-c09e1a4f2818"}}
{"__type":"$$EventMessageConfirm","confirm":"e852c2b3-4912-4dd5-90aa-e7fc1f944d8e","ts":"2025-10-06T13:18:00.055+08:00","source":{"id":"0","name":"eventBus"}}
{"__type":"$$EventMessageNode","id":"388764b9-dfec-4c21-bf9a-d783678e638c","ts":"2025-10-06T13:18:00.064+08:00","eventName":"n8n.node.finished","message":"n8n.node.finished","payload":{"workflowId":"I3musaDYyO2Ask6D","workflowName":"ExpenseTracker-MainProcess","executionId":"459","nodeType":"n8n-nodes-base.redis","nodeName":"Redis1","nodeId":"d3d9ed7d-c9e7-453e-bacc-c09e1a4f2818"}}
{"__type":"$$EventMessageConfirm","confirm":"388764b9-dfec-4c21-bf9a-d783678e638c","ts":"2025-10-06T13:18:00.065+08:00","source":{"id":"0","name":"eventBus"}}
{"__type":"$$EventMessageNode","id":"5128f362-20c8-4138-9c54-a0704e8d4776","ts":"2025-10-06T13:18:00.065+08:00","eventName":"n8n.node.started","message":"n8n.node.started","payload":{"workflowId":"I3musaDYyO2Ask6D","workflowName":"ExpenseTracker-MainProcess","executionId":"459","nodeType":"n8n-nodes-base.code","nodeName":"Code in JavaScript","nodeId":"d8000e14-2e2c-4f10-8e59-8b5af4d60c0d"}}
{"__type":"$$EventMessageConfirm","confirm":"5128f362-20c8-4138-9c54-a0704e8d4776","ts":"2025-10-06T13:18:00.065+08:00","source":{"id":"0","name":"eventBus"}}
{"__type":"$$EventMessageRunner","id":"9c460336-d68b-40df-a858-aac2dc1a7d9e","ts":"2025-10-06T13:18:00.069+08:00","eventName":"n8n.runner.task.requested","message":"n8n.runner.task.requested","payload":{"taskId":"zJNqfgH3","nodeId":"d8000e14-2e2c-4f10-8e59-8b5af4d60c0d","workflowId":"I3musaDYyO2Ask6D","executionId":"459"}}
{"__type":"$$EventMessageConfirm","confirm":"9c460336-d68b-40df-a858-aac2dc1a7d9e","ts":"2025-10-06T13:18:00.069+08:00","source":{"id":"0","name":"eventBus"}}
{"__type":"$$EventMessageRunner","id":"443cfba7-8ce6-4829-a37b-d4099b731e84","ts":"2025-10-06T13:18:00.083+08:00","eventName":"n8n.runner.response.received","message":"n8n.runner.response.received","payload":{"taskId":"zJNqfgH3","nodeId":"d8000e14-2e2c-4f10-8e59-8b5af4d60c0d","workflowId":"I3musaDYyO2Ask6D","executionId":"459"}}
{"__type":"$$EventMessageConfirm","confirm":"443cfba7-8ce6-4829-a37b-d4099b731e84","ts":"2025-10-06T13:18:00.083+08:00","source":{"id":"0","name":"eventBus"}}
{"__type":"$$EventMessageNode","id":"0e53ad70-9f30-449a-b7b4-76a7cf6650ad","ts":"2025-10-06T13:18:00.083+08:00","eventName":"n8n.node.finished","message":"n8n.node.finished","payload":{"workflowId":"I3musaDYyO2Ask6D","workflowName":"ExpenseTracker-MainProcess","executionId":"459","nodeType":"n8n-nodes-base.code","nodeName":"Code in JavaScript","nodeId":"d8000e14-2e2c-4f10-8e59-8b5af4d60c0d"}}
{"__type":"$$EventMessageConfirm","confirm":"0e53ad70-9f30-449a-b7b4-76a7cf6650ad","ts":"2025-10-06T13:18:00.083+08:00","source":{"id":"0","name":"eventBus"}}
{"__type":"$$EventMessageWorkflow","id":"1726db26-9921-4731-a09f-ba476e56c9e8","ts":"2025-10-06T13:18:00.083+08:00","eventName":"n8n.workflow.success","message":"n8n.workflow.success","payload":{"executionId":"459","success":true,"isManual":false,"workflowId":"I3musaDYyO2Ask6D","workflowName":"ExpenseTracker-MainProcess"}}
{"__type":"$$EventMessageConfirm","confirm":"1726db26-9921-4731-a09f-ba476e56c9e8","ts":"2025-10-06T13:18:00.083+08:00","source":{"id":"0","name":"eventBus"}}
{"__type":"$$EventMessageWorkflow","id":"05d950ac-e64b-4bf9-aea0-376d5a6bd6d8","ts":"2025-10-06T13:18:10.061+08:00","eventName":"n8n.workflow.started","message":"n8n.workflow.started","payload":{"executionId":"460","workflowId":"I3musaDYyO2Ask6D","isManual":false,"workflowName":"ExpenseTracker-MainProcess"}}
{"__type":"$$EventMessageConfirm","confirm":"05d950ac-e64b-4bf9-aea0-376d5a6bd6d8","ts":"2025-10-06T13:18:10.061+08:00","source":{"id":"0","name":"eventBus"}}
{"__type":"$$EventMessageNode","id":"1fb64e0a-cf83-4a64-93fc-2385f0b0e6ef","ts":"2025-10-06T13:18:10.062+08:00","eventName":"n8n.node.started","message":"n8n.node.started","payload":{"workflowId":"I3musaDYyO2Ask6D","workflowName":"ExpenseTracker-MainProcess","executionId":"460","nodeType":"n8n-nodes-base.scheduleTrigger","nodeName":"Schedule Trigger","nodeId":"641af050-ce3a-41e6-98eb-30acf82ccc6f"}}
{"__type":"$$EventMessageConfirm","confirm":"1fb64e0a-cf83-4a64-93fc-2385f0b0e6ef","ts":"2025-10-06T13:18:10.062+08:00","source":{"id":"0","name":"eventBus"}}
{"__type":"$$EventMessageNode","id":"b6cedb60-cb9d-4080-88f1-da98347e58c9","ts":"2025-10-06T13:18:10.062+08:00","eventName":"n8n.node.finished","message":"n8n.node.finished","payload":{"workflowId":"I3musaDYyO2Ask6D","workflowName":"ExpenseTracker-MainProcess","executionId":"460","nodeType":"n8n-nodes-base.scheduleTrigger","nodeName":"Schedule Trigger","nodeId":"641af050-ce3a-41e6-98eb-30acf82ccc6f"}}
{"__type":"$$EventMessageConfirm","confirm":"b6cedb60-cb9d-4080-88f1-da98347e58c9","ts":"2025-10-06T13:18:10.062+08:00","source":{"id":"0","name":"eventBus"}}
{"__type":"$$EventMessageNode","id":"1d0ba30d-0fe2-428f-9e40-d5a38791936b","ts":"2025-10-06T13:18:10.062+08:00","eventName":"n8n.node.started","message":"n8n.node.started","payload":{"workflowId":"I3musaDYyO2Ask6D","workflowName":"ExpenseTracker-MainProcess","executionId":"460","nodeType":"n8n-nodes-base.redis","nodeName":"Redis1","nodeId":"d3d9ed7d-c9e7-453e-bacc-c09e1a4f2818"}}
{"__type":"$$EventMessageConfirm","confirm":"1d0ba30d-0fe2-428f-9e40-d5a38791936b","ts":"2025-10-06T13:18:10.062+08:00","source":{"id":"0","name":"eventBus"}}
{"__type":"$$EventMessageNode","id":"b7fef5c5-10b9-418e-bb50-3f5fb754fcfe","ts":"2025-10-06T13:18:10.071+08:00","eventName":"n8n.node.finished","message":"n8n.node.finished","payload":{"workflowId":"I3musaDYyO2Ask6D","workflowName":"ExpenseTracker-MainProcess","executionId":"460","nodeType":"n8n-nodes-base.redis","nodeName":"Redis1","nodeId":"d3d9ed7d-c9e7-453e-bacc-c09e1a4f2818"}}
{"__type":"$$EventMessageConfirm","confirm":"b7fef5c5-10b9-418e-bb50-3f5fb754fcfe","ts":"2025-10-06T13:18:10.071+08:00","source":{"id":"0","name":"eventBus"}}
{"__type":"$$EventMessageNode","id":"9d3739e1-2f47-48a0-a82d-80bfdeda6e2b","ts":"2025-10-06T13:18:10.071+08:00","eventName":"n8n.node.started","message":"n8n.node.started","payload":{"workflowId":"I3musaDYyO2Ask6D","workflowName":"ExpenseTracker-MainProcess","executionId":"460","nodeType":"n8n-nodes-base.code","nodeName":"Code in JavaScript","nodeId":"d8000e14-2e2c-4f10-8e59-8b5af4d60c0d"}}
{"__type":"$$EventMessageConfirm","confirm":"9d3739e1-2f47-48a0-a82d-80bfdeda6e2b","ts":"2025-10-06T13:18:10.071+08:00","source":{"id":"0","name":"eventBus"}}
{"__type":"$$EventMessageRunner","id":"1e017915-27c6-445b-a079-175bcd4763eb","ts":"2025-10-06T13:18:10.072+08:00","eventName":"n8n.runner.task.requested","message":"n8n.runner.task.requested","payload":{"taskId":"gff8wwVt","nodeId":"d8000e14-2e2c-4f10-8e59-8b5af4d60c0d","workflowId":"I3musaDYyO2Ask6D","executionId":"460"}}
{"__type":"$$EventMessageConfirm","confirm":"1e017915-27c6-445b-a079-175bcd4763eb","ts":"2025-10-06T13:18:10.072+08:00","source":{"id":"0","name":"eventBus"}}
{"__type":"$$EventMessageRunner","id":"69cdd430-7775-4b55-ae50-eda7dad07f7b","ts":"2025-10-06T13:18:10.079+08:00","eventName":"n8n.runner.response.received","message":"n8n.runner.response.received","payload":{"taskId":"gff8wwVt","nodeId":"d8000e14-2e2c-4f10-8e59-8b5af4d60c0d","workflowId":"I3musaDYyO2Ask6D","executionId":"460"}}
{"__type":"$$EventMessageConfirm","confirm":"69cdd430-7775-4b55-ae50-eda7dad07f7b","ts":"2025-10-06T13:18:10.079+08:00","source":{"id":"0","name":"eventBus"}}
{"__type":"$$EventMessageNode","id":"7c5e7d59-1300-407e-9ce7-7f0e0e7cee0f","ts":"2025-10-06T13:18:10.079+08:00","eventName":"n8n.node.finished","message":"n8n.node.finished","payload":{"workflowId":"I3musaDYyO2Ask6D","workflowName":"ExpenseTracker-MainProcess","executionId":"460","nodeType":"n8n-nodes-base.code","nodeName":"Code in JavaScript","nodeId":"d8000e14-2e2c-4f10-8e59-8b5af4d60c0d"}}
{"__type":"$$EventMessageConfirm","confirm":"7c5e7d59-1300-407e-9ce7-7f0e0e7cee0f","ts":"2025-10-06T13:18:10.079+08:00","source":{"id":"0","name":"eventBus"}}
{"__type":"$$EventMessageWorkflow","id":"bf4877fd-0e62-4e85-904c-d45641900e34","ts":"2025-10-06T13:18:10.080+08:00","eventName":"n8n.workflow.success","message":"n8n.workflow.success","payload":{"executionId":"460","success":true,"isManual":false,"workflowId":"I3musaDYyO2Ask6D","workflowName":"ExpenseTracker-MainProcess"}}
{"__type":"$$EventMessageConfirm","confirm":"bf4877fd-0e62-4e85-904c-d45641900e34","ts":"2025-10-06T13:18:10.080+08:00","source":{"id":"0","name":"eventBus"}}
{"__type":"$$EventMessageWorkflow","id":"58b815df-690b-4368-bcca-878ef5517d91","ts":"2025-10-06T13:18:20.048+08:00","eventName":"n8n.workflow.started","message":"n8n.workflow.started","payload":{"executionId":"461","workflowId":"I3musaDYyO2Ask6D","isManual":false,"workflowName":"ExpenseTracker-MainProcess"}}
{"__type":"$$EventMessageConfirm","confirm":"58b815df-690b-4368-bcca-878ef5517d91","ts":"2025-10-06T13:18:20.049+08:00","source":{"id":"0","name":"eventBus"}}
{"__type":"$$EventMessageNode","id":"d2aeee17-eb45-4746-b68b-0bbb39559bbb","ts":"2025-10-06T13:18:20.049+08:00","eventName":"n8n.node.started","message":"n8n.node.started","payload":{"workflowId":"I3musaDYyO2Ask6D","workflowName":"ExpenseTracker-MainProcess","executionId":"461","nodeType":"n8n-nodes-base.scheduleTrigger","nodeName":"Schedule Trigger","nodeId":"641af050-ce3a-41e6-98eb-30acf82ccc6f"}}
{"__type":"$$EventMessageConfirm","confirm":"d2aeee17-eb45-4746-b68b-0bbb39559bbb","ts":"2025-10-06T13:18:20.049+08:00","source":{"id":"0","name":"eventBus"}}
{"__type":"$$EventMessageNode","id":"0fcb3f80-ae7c-4ba5-b01f-f6c8d5d3dc03","ts":"2025-10-06T13:18:20.049+08:00","eventName":"n8n.node.finished","message":"n8n.node.finished","payload":{"workflowId":"I3musaDYyO2Ask6D","workflowName":"ExpenseTracker-MainProcess","executionId":"461","nodeType":"n8n-nodes-base.scheduleTrigger","nodeName":"Schedule Trigger","nodeId":"641af050-ce3a-41e6-98eb-30acf82ccc6f"}}
{"__type":"$$EventMessageConfirm","confirm":"0fcb3f80-ae7c-4ba5-b01f-f6c8d5d3dc03","ts":"2025-10-06T13:18:20.049+08:00","source":{"id":"0","name":"eventBus"}}
{"__type":"$$EventMessageNode","id":"877ef3d5-30e4-4a19-8eae-24a53615160e","ts":"2025-10-06T13:18:20.049+08:00","eventName":"n8n.node.started","message":"n8n.node.started","payload":{"workflowId":"I3musaDYyO2Ask6D","workflowName":"ExpenseTracker-MainProcess","executionId":"461","nodeType":"n8n-nodes-base.redis","nodeName":"Redis1","nodeId":"d3d9ed7d-c9e7-453e-bacc-c09e1a4f2818"}}
{"__type":"$$EventMessageConfirm","confirm":"877ef3d5-30e4-4a19-8eae-24a53615160e","ts":"2025-10-06T13:18:20.049+08:00","source":{"id":"0","name":"eventBus"}}
{"__type":"$$EventMessageNode","id":"9f78aee0-ab3e-4544-8835-5c9366105e3f","ts":"2025-10-06T13:18:20.061+08:00","eventName":"n8n.node.finished","message":"n8n.node.finished","payload":{"workflowId":"I3musaDYyO2Ask6D","workflowName":"ExpenseTracker-MainProcess","executionId":"461","nodeType":"n8n-nodes-base.redis","nodeName":"Redis1","nodeId":"d3d9ed7d-c9e7-453e-bacc-c09e1a4f2818"}}
{"__type":"$$EventMessageConfirm","confirm":"9f78aee0-ab3e-4544-8835-5c9366105e3f","ts":"2025-10-06T13:18:20.061+08:00","source":{"id":"0","name":"eventBus"}}
{"__type":"$$EventMessageNode","id":"30bde5b9-ade5-4e83-ae87-b873f4e1764b","ts":"2025-10-06T13:18:20.061+08:00","eventName":"n8n.node.started","message":"n8n.node.started","payload":{"workflowId":"I3musaDYyO2Ask6D","workflowName":"ExpenseTracker-MainProcess","executionId":"461","nodeType":"n8n-nodes-base.code","nodeName":"Code in JavaScript","nodeId":"d8000e14-2e2c-4f10-8e59-8b5af4d60c0d"}}
{"__type":"$$EventMessageConfirm","confirm":"30bde5b9-ade5-4e83-ae87-b873f4e1764b","ts":"2025-10-06T13:18:20.061+08:00","source":{"id":"0","name":"eventBus"}}
{"__type":"$$EventMessageRunner","id":"362605b2-0f1c-4253-9e7f-654b12ac1a3e","ts":"2025-10-06T13:18:20.065+08:00","eventName":"n8n.runner.task.requested","message":"n8n.runner.task.requested","payload":{"taskId":"4RmvAuuY","nodeId":"d8000e14-2e2c-4f10-8e59-8b5af4d60c0d","workflowId":"I3musaDYyO2Ask6D","executionId":"461"}}
{"__type":"$$EventMessageConfirm","confirm":"362605b2-0f1c-4253-9e7f-654b12ac1a3e","ts":"2025-10-06T13:18:20.065+08:00","source":{"id":"0","name":"eventBus"}}
{"__type":"$$EventMessageRunner","id":"e6ddc0e4-6ee3-457d-927a-9e4baab1e330","ts":"2025-10-06T13:18:20.076+08:00","eventName":"n8n.runner.response.received","message":"n8n.runner.response.received","payload":{"taskId":"4RmvAuuY","nodeId":"d8000e14-2e2c-4f10-8e59-8b5af4d60c0d","workflowId":"I3musaDYyO2Ask6D","executionId":"461"}}
{"__type":"$$EventMessageConfirm","confirm":"e6ddc0e4-6ee3-457d-927a-9e4baab1e330","ts":"2025-10-06T13:18:20.076+08:00","source":{"id":"0","name":"eventBus"}}
{"__type":"$$EventMessageNode","id":"ba384c60-df23-47bb-b2a4-8891cca04876","ts":"2025-10-06T13:18:20.076+08:00","eventName":"n8n.node.finished","message":"n8n.node.finished","payload":{"workflowId":"I3musaDYyO2Ask6D","workflowName":"ExpenseTracker-MainProcess","executionId":"461","nodeType":"n8n-nodes-base.code","nodeName":"Code in JavaScript","nodeId":"d8000e14-2e2c-4f10-8e59-8b5af4d60c0d"}}
{"__type":"$$EventMessageConfirm","confirm":"ba384c60-df23-47bb-b2a4-8891cca04876","ts":"2025-10-06T13:18:20.076+08:00","source":{"id":"0","name":"eventBus"}}
{"__type":"$$EventMessageWorkflow","id":"5c77ac8c-e757-407f-8aa9-5efc8d0af8e3","ts":"2025-10-06T13:18:20.077+08:00","eventName":"n8n.workflow.success","message":"n8n.workflow.success","payload":{"executionId":"461","success":true,"isManual":false,"workflowId":"I3musaDYyO2Ask6D","workflowName":"ExpenseTracker-MainProcess"}}
{"__type":"$$EventMessageConfirm","confirm":"5c77ac8c-e757-407f-8aa9-5efc8d0af8e3","ts":"2025-10-06T13:18:20.077+08:00","source":{"id":"0","name":"eventBus"}}
