{"__type":"$$EventMessageAudit","id":"7e61bfb2-74b3-43cd-9d84-486013d07d16","ts":"2025-09-30T22:26:18.270+08:00","eventName":"n8n.audit.user.credentials.created","message":"n8n.audit.user.credentials.created","payload":{"userId":"01b8d7cf-a47e-4ad6-9fd6-27bb4a68b19c","_email":"dearlavion@gmail.com","_firstName":"Dear","_lastName":"Lavion","globalRole":"global:owner","credentialType":"telegramApi","credentialId":"RdvxWeJMRKGz61kJ","publicApi":false,"projectId":"F74H8Q1q3qn1iXxR","projectType":"personal"}}
{"__type":"$$EventMessageConfirm","confirm":"7e61bfb2-74b3-43cd-9d84-486013d07d16","ts":"2025-09-30T22:26:18.271+08:00","source":{"id":"0","name":"eventBus"}}
{"__type":"$$EventMessageAudit","id":"f6a66d22-cf17-48cf-8ce2-44e8cc4ee705","ts":"2025-09-30T22:26:48.448+08:00","eventName":"n8n.audit.workflow.created","message":"n8n.audit.workflow.created","payload":{"userId":"01b8d7cf-a47e-4ad6-9fd6-27bb4a68b19c","_email":"dearlavion@gmail.com","_firstName":"Dear","_lastName":"Lavion","globalRole":"global:owner","workflowId":"I3musaDYyO2Ask6D","workflowName":"BaishExpenseTracker"}}
{"__type":"$$EventMessageConfirm","confirm":"f6a66d22-cf17-48cf-8ce2-44e8cc4ee705","ts":"2025-09-30T22:26:48.449+08:00","source":{"id":"0","name":"eventBus"}}
{"__type":"$$EventMessageAudit","id":"65221b1a-c6b9-4b2a-afd2-fdc76fb7c47c","ts":"2025-09-30T22:27:10.593+08:00","eventName":"n8n.audit.workflow.updated","message":"n8n.audit.workflow.updated","payload":{"userId":"01b8d7cf-a47e-4ad6-9fd6-27bb4a68b19c","_email":"dearlavion@gmail.com","_firstName":"Dear","_lastName":"Lavion","globalRole":"global:owner","workflowId":"I3musaDYyO2Ask6D","workflowName":"ExpenseTrackerBot"}}
{"__type":"$$EventMessageConfirm","confirm":"65221b1a-c6b9-4b2a-afd2-fdc76fb7c47c","ts":"2025-09-30T22:27:10.593+08:00","source":{"id":"0","name":"eventBus"}}
{"__type":"$$EventMessageAudit","id":"b9cf9871-b71c-4827-9667-4850345072d0","ts":"2025-09-30T22:28:45.265+08:00","eventName":"n8n.audit.user.credentials.created","message":"n8n.audit.user.credentials.created","payload":{"userId":"01b8d7cf-a47e-4ad6-9fd6-27bb4a68b19c","_email":"dearlavion@gmail.com","_firstName":"Dear","_lastName":"Lavion","globalRole":"global:owner","credentialType":"googleSheetsOAuth2Api","credentialId":"ZgF7UNxex6A3ZWqY","publicApi":false,"projectId":"F74H8Q1q3qn1iXxR","projectType":"personal","uiContext":"credentials_list"}}
{"__type":"$$EventMessageConfirm","confirm":"b9cf9871-b71c-4827-9667-4850345072d0","ts":"2025-09-30T22:28:45.265+08:00","source":{"id":"0","name":"eventBus"}}
{"__type":"$$EventMessageAudit","id":"0809795d-6722-4b9d-8727-0f22cdaff482","ts":"2025-09-30T22:28:53.434+08:00","eventName":"n8n.audit.user.credentials.updated","message":"n8n.audit.user.credentials.updated","payload":{"userId":"01b8d7cf-a47e-4ad6-9fd6-27bb4a68b19c","_email":"dearlavion@gmail.com","_firstName":"Dear","_lastName":"Lavion","globalRole":"global:owner","credentialType":"googleSheetsOAuth2Api","credentialId":"ZgF7UNxex6A3ZWqY"}}
{"__type":"$$EventMessageConfirm","confirm":"0809795d-6722-4b9d-8727-0f22cdaff482","ts":"2025-09-30T22:28:53.434+08:00","source":{"id":"0","name":"eventBus"}}
{"__type":"$$EventMessageWorkflow","id":"d3bd7325-dac3-4d8f-9784-9397c29eb4c9","ts":"2025-09-30T22:29:54.339+08:00","eventName":"n8n.workflow.started","message":"n8n.workflow.started","payload":{"executionId":"1","workflowId":"I3musaDYyO2Ask6D","isManual":false,"workflowName":"ExpenseTrackerBot"}}
{"__type":"$$EventMessageConfirm","confirm":"d3bd7325-dac3-4d8f-9784-9397c29eb4c9","ts":"2025-09-30T22:29:54.339+08:00","source":{"id":"0","name":"eventBus"}}
{"__type":"$$EventMessageNode","id":"ceaff516-7f11-48b9-8c13-33145e229add","ts":"2025-09-30T22:29:54.341+08:00","eventName":"n8n.node.started","message":"n8n.node.started","payload":{"workflowId":"I3musaDYyO2Ask6D","workflowName":"ExpenseTrackerBot","executionId":"1","nodeType":"n8n-nodes-base.telegramTrigger","nodeName":"Telegram Trigger","nodeId":"8bbb86be-0dde-4efc-9bc8-88f5a5e8d4d4"}}
{"__type":"$$EventMessageConfirm","confirm":"ceaff516-7f11-48b9-8c13-33145e229add","ts":"2025-09-30T22:29:54.341+08:00","source":{"id":"0","name":"eventBus"}}
{"__type":"$$EventMessageNode","id":"a5d23b48-57ec-4493-86e5-3531db786c9c","ts":"2025-09-30T22:29:54.342+08:00","eventName":"n8n.node.finished","message":"n8n.node.finished","payload":{"workflowId":"I3musaDYyO2Ask6D","workflowName":"ExpenseTrackerBot","executionId":"1","nodeType":"n8n-nodes-base.telegramTrigger","nodeName":"Telegram Trigger","nodeId":"8bbb86be-0dde-4efc-9bc8-88f5a5e8d4d4"}}
{"__type":"$$EventMessageConfirm","confirm":"a5d23b48-57ec-4493-86e5-3531db786c9c","ts":"2025-09-30T22:29:54.342+08:00","source":{"id":"0","name":"eventBus"}}
{"__type":"$$EventMessageNode","id":"aa342c0d-5fd1-40a8-a5df-b1a6fc13f0cb","ts":"2025-09-30T22:29:54.342+08:00","eventName":"n8n.node.started","message":"n8n.node.started","payload":{"workflowId":"I3musaDYyO2Ask6D","workflowName":"ExpenseTrackerBot","executionId":"1","nodeType":"n8n-nodes-base.code","nodeName":"Code in JavaScript","nodeId":"d8000e14-2e2c-4f10-8e59-8b5af4d60c0d"}}
{"__type":"$$EventMessageConfirm","confirm":"aa342c0d-5fd1-40a8-a5df-b1a6fc13f0cb","ts":"2025-09-30T22:29:54.342+08:00","source":{"id":"0","name":"eventBus"}}
{"__type":"$$EventMessageRunner","id":"681e9aa2-94a0-42b9-988a-d78ebc99217e","ts":"2025-09-30T22:29:54.347+08:00","eventName":"n8n.runner.task.requested","message":"n8n.runner.task.requested","payload":{"taskId":"mA7kFcOw","nodeId":"d8000e14-2e2c-4f10-8e59-8b5af4d60c0d","workflowId":"I3musaDYyO2Ask6D","executionId":"1"}}
{"__type":"$$EventMessageConfirm","confirm":"681e9aa2-94a0-42b9-988a-d78ebc99217e","ts":"2025-09-30T22:29:54.348+08:00","source":{"id":"0","name":"eventBus"}}
{"__type":"$$EventMessageRunner","id":"47ffe3a8-7868-4cf1-a692-aa293a08ca9e","ts":"2025-09-30T22:29:54.392+08:00","eventName":"n8n.runner.response.received","message":"n8n.runner.response.received","payload":{"taskId":"mA7kFcOw","nodeId":"d8000e14-2e2c-4f10-8e59-8b5af4d60c0d","workflowId":"I3musaDYyO2Ask6D","executionId":"1"}}
{"__type":"$$EventMessageConfirm","confirm":"47ffe3a8-7868-4cf1-a692-aa293a08ca9e","ts":"2025-09-30T22:29:54.392+08:00","source":{"id":"0","name":"eventBus"}}
{"__type":"$$EventMessageNode","id":"74933a7d-68b8-48d7-abe0-317fbb9ba4b7","ts":"2025-09-30T22:29:54.393+08:00","eventName":"n8n.node.finished","message":"n8n.node.finished","payload":{"workflowId":"I3musaDYyO2Ask6D","workflowName":"ExpenseTrackerBot","executionId":"1","nodeType":"n8n-nodes-base.code","nodeName":"Code in JavaScript","nodeId":"d8000e14-2e2c-4f10-8e59-8b5af4d60c0d"}}
{"__type":"$$EventMessageConfirm","confirm":"74933a7d-68b8-48d7-abe0-317fbb9ba4b7","ts":"2025-09-30T22:29:54.393+08:00","source":{"id":"0","name":"eventBus"}}
{"__type":"$$EventMessageNode","id":"f4eba210-2eb9-4eec-b165-ee91e9215935","ts":"2025-09-30T22:29:54.394+08:00","eventName":"n8n.node.started","message":"n8n.node.started","payload":{"workflowId":"I3musaDYyO2Ask6D","workflowName":"ExpenseTrackerBot","executionId":"1","nodeType":"n8n-nodes-base.httpRequest","nodeName":"HTTP Request","nodeId":"7bd6af7c-fec1-4076-85a3-d688df967bc2"}}
{"__type":"$$EventMessageConfirm","confirm":"f4eba210-2eb9-4eec-b165-ee91e9215935","ts":"2025-09-30T22:29:54.394+08:00","source":{"id":"0","name":"eventBus"}}
{"__type":"$$EventMessageWorkflow","id":"eaff00d4-cdc7-4b24-98e9-492be1559e1c","ts":"2025-09-30T22:29:54.519+08:00","eventName":"n8n.workflow.started","message":"n8n.workflow.started","payload":{"executionId":"2","workflowId":"I3musaDYyO2Ask6D","isManual":false,"workflowName":"ExpenseTrackerBot"}}
{"__type":"$$EventMessageConfirm","confirm":"eaff00d4-cdc7-4b24-98e9-492be1559e1c","ts":"2025-09-30T22:29:54.520+08:00","source":{"id":"0","name":"eventBus"}}
{"__type":"$$EventMessageNode","id":"c0169829-aed6-4a3d-9f1d-0ccec9f19258","ts":"2025-09-30T22:29:54.520+08:00","eventName":"n8n.node.started","message":"n8n.node.started","payload":{"workflowId":"I3musaDYyO2Ask6D","workflowName":"ExpenseTrackerBot","executionId":"2","nodeType":"n8n-nodes-base.telegramTrigger","nodeName":"Telegram Trigger","nodeId":"8bbb86be-0dde-4efc-9bc8-88f5a5e8d4d4"}}
{"__type":"$$EventMessageConfirm","confirm":"c0169829-aed6-4a3d-9f1d-0ccec9f19258","ts":"2025-09-30T22:29:54.520+08:00","source":{"id":"0","name":"eventBus"}}
{"__type":"$$EventMessageNode","id":"eb1e0810-0398-48a2-9208-f813da659e9e","ts":"2025-09-30T22:29:54.521+08:00","eventName":"n8n.node.finished","message":"n8n.node.finished","payload":{"workflowId":"I3musaDYyO2Ask6D","workflowName":"ExpenseTrackerBot","executionId":"2","nodeType":"n8n-nodes-base.telegramTrigger","nodeName":"Telegram Trigger","nodeId":"8bbb86be-0dde-4efc-9bc8-88f5a5e8d4d4"}}
{"__type":"$$EventMessageConfirm","confirm":"eb1e0810-0398-48a2-9208-f813da659e9e","ts":"2025-09-30T22:29:54.521+08:00","source":{"id":"0","name":"eventBus"}}
{"__type":"$$EventMessageNode","id":"18b9950d-366f-4309-898c-7633ea5ce679","ts":"2025-09-30T22:29:54.521+08:00","eventName":"n8n.node.started","message":"n8n.node.started","payload":{"workflowId":"I3musaDYyO2Ask6D","workflowName":"ExpenseTrackerBot","executionId":"2","nodeType":"n8n-nodes-base.code","nodeName":"Code in JavaScript","nodeId":"d8000e14-2e2c-4f10-8e59-8b5af4d60c0d"}}
{"__type":"$$EventMessageConfirm","confirm":"18b9950d-366f-4309-898c-7633ea5ce679","ts":"2025-09-30T22:29:54.521+08:00","source":{"id":"0","name":"eventBus"}}
{"__type":"$$EventMessageRunner","id":"a0eaa990-1819-4fcc-8f3d-5736de0865f2","ts":"2025-09-30T22:29:54.523+08:00","eventName":"n8n.runner.task.requested","message":"n8n.runner.task.requested","payload":{"taskId":"MiL9pkIO","nodeId":"d8000e14-2e2c-4f10-8e59-8b5af4d60c0d","workflowId":"I3musaDYyO2Ask6D","executionId":"2"}}
{"__type":"$$EventMessageConfirm","confirm":"a0eaa990-1819-4fcc-8f3d-5736de0865f2","ts":"2025-09-30T22:29:54.523+08:00","source":{"id":"0","name":"eventBus"}}
{"__type":"$$EventMessageRunner","id":"8683a7da-e2f3-4edf-beea-cc8505db0eb4","ts":"2025-09-30T22:29:54.530+08:00","eventName":"n8n.runner.response.received","message":"n8n.runner.response.received","payload":{"taskId":"MiL9pkIO","nodeId":"d8000e14-2e2c-4f10-8e59-8b5af4d60c0d","workflowId":"I3musaDYyO2Ask6D","executionId":"2"}}
{"__type":"$$EventMessageConfirm","confirm":"8683a7da-e2f3-4edf-beea-cc8505db0eb4","ts":"2025-09-30T22:29:54.530+08:00","source":{"id":"0","name":"eventBus"}}
{"__type":"$$EventMessageNode","id":"c28d2171-4224-4ea2-8bef-d5445faf943e","ts":"2025-09-30T22:29:54.531+08:00","eventName":"n8n.node.finished","message":"n8n.node.finished","payload":{"workflowId":"I3musaDYyO2Ask6D","workflowName":"ExpenseTrackerBot","executionId":"2","nodeType":"n8n-nodes-base.code","nodeName":"Code in JavaScript","nodeId":"d8000e14-2e2c-4f10-8e59-8b5af4d60c0d"}}
{"__type":"$$EventMessageConfirm","confirm":"c28d2171-4224-4ea2-8bef-d5445faf943e","ts":"2025-09-30T22:29:54.531+08:00","source":{"id":"0","name":"eventBus"}}
{"__type":"$$EventMessageNode","id":"ebf699dc-129a-4b49-8322-dd0f6b23e865","ts":"2025-09-30T22:29:54.532+08:00","eventName":"n8n.node.started","message":"n8n.node.started","payload":{"workflowId":"I3musaDYyO2Ask6D","workflowName":"ExpenseTrackerBot","executionId":"2","nodeType":"n8n-nodes-base.httpRequest","nodeName":"HTTP Request","nodeId":"7bd6af7c-fec1-4076-85a3-d688df967bc2"}}
{"__type":"$$EventMessageConfirm","confirm":"ebf699dc-129a-4b49-8322-dd0f6b23e865","ts":"2025-09-30T22:29:54.532+08:00","source":{"id":"0","name":"eventBus"}}
{"__type":"$$EventMessageNode","id":"a746e9b0-75cf-48a0-abeb-eebe9e88e8e4","ts":"2025-09-30T22:29:55.519+08:00","eventName":"n8n.node.finished","message":"n8n.node.finished","payload":{"workflowId":"I3musaDYyO2Ask6D","workflowName":"ExpenseTrackerBot","executionId":"2","nodeType":"n8n-nodes-base.httpRequest","nodeName":"HTTP Request","nodeId":"7bd6af7c-fec1-4076-85a3-d688df967bc2"}}
{"__type":"$$EventMessageConfirm","confirm":"a746e9b0-75cf-48a0-abeb-eebe9e88e8e4","ts":"2025-09-30T22:29:55.520+08:00","source":{"id":"0","name":"eventBus"}}
{"__type":"$$EventMessageWorkflow","id":"288d7a93-ebbe-4412-82fe-3fc9696e6cbe","ts":"2025-09-30T22:29:55.525+08:00","eventName":"n8n.workflow.success","message":"n8n.workflow.success","payload":{"executionId":"2","success":true,"isManual":true,"workflowId":"I3musaDYyO2Ask6D","workflowName":"ExpenseTrackerBot"}}
{"__type":"$$EventMessageConfirm","confirm":"288d7a93-ebbe-4412-82fe-3fc9696e6cbe","ts":"2025-09-30T22:29:55.525+08:00","source":{"id":"0","name":"eventBus"}}
{"__type":"$$EventMessageNode","id":"988ace3b-2ff1-4b03-99b8-39d2ff6ba8c0","ts":"2025-09-30T22:29:55.528+08:00","eventName":"n8n.node.finished","message":"n8n.node.finished","payload":{"workflowId":"I3musaDYyO2Ask6D","workflowName":"ExpenseTrackerBot","executionId":"1","nodeType":"n8n-nodes-base.httpRequest","nodeName":"HTTP Request","nodeId":"7bd6af7c-fec1-4076-85a3-d688df967bc2"}}
{"__type":"$$EventMessageConfirm","confirm":"988ace3b-2ff1-4b03-99b8-39d2ff6ba8c0","ts":"2025-09-30T22:29:55.528+08:00","source":{"id":"0","name":"eventBus"}}
{"__type":"$$EventMessageWorkflow","id":"4f93b598-1a99-40a7-8d38-2782bd4ffb76","ts":"2025-09-30T22:29:55.531+08:00","eventName":"n8n.workflow.success","message":"n8n.workflow.success","payload":{"executionId":"1","success":true,"isManual":true,"workflowId":"I3musaDYyO2Ask6D","workflowName":"ExpenseTrackerBot"}}
{"__type":"$$EventMessageConfirm","confirm":"4f93b598-1a99-40a7-8d38-2782bd4ffb76","ts":"2025-09-30T22:29:55.531+08:00","source":{"id":"0","name":"eventBus"}}
{"__type":"$$EventMessageWorkflow","id":"b931efeb-863c-4d03-b966-932030a03799","ts":"2025-09-30T22:30:10.238+08:00","eventName":"n8n.workflow.started","message":"n8n.workflow.started","payload":{"executionId":"3","workflowId":"I3musaDYyO2Ask6D","isManual":false,"workflowName":"ExpenseTrackerBot"}}
{"__type":"$$EventMessageConfirm","confirm":"b931efeb-863c-4d03-b966-932030a03799","ts":"2025-09-30T22:30:10.239+08:00","source":{"id":"0","name":"eventBus"}}
{"__type":"$$EventMessageNode","id":"43c73a63-7681-4620-a89b-ee52122a2574","ts":"2025-09-30T22:30:10.239+08:00","eventName":"n8n.node.started","message":"n8n.node.started","payload":{"workflowId":"I3musaDYyO2Ask6D","workflowName":"ExpenseTrackerBot","executionId":"3","nodeType":"n8n-nodes-base.merge","nodeName":"Merge","nodeId":"011f059b-bdbd-4994-8aba-249cd2877dd2"}}
{"__type":"$$EventMessageConfirm","confirm":"43c73a63-7681-4620-a89b-ee52122a2574","ts":"2025-09-30T22:30:10.239+08:00","source":{"id":"0","name":"eventBus"}}
{"__type":"$$EventMessageNode","id":"665a3739-dcaf-49ce-8d41-413914518715","ts":"2025-09-30T22:30:10.263+08:00","eventName":"n8n.node.finished","message":"n8n.node.finished","payload":{"workflowId":"I3musaDYyO2Ask6D","workflowName":"ExpenseTrackerBot","executionId":"3","nodeType":"n8n-nodes-base.merge","nodeName":"Merge","nodeId":"011f059b-bdbd-4994-8aba-249cd2877dd2"}}
{"__type":"$$EventMessageConfirm","confirm":"665a3739-dcaf-49ce-8d41-413914518715","ts":"2025-09-30T22:30:10.263+08:00","source":{"id":"0","name":"eventBus"}}
{"__type":"$$EventMessageNode","id":"2d9d9c30-8df2-4392-b5b8-8117e8d56d51","ts":"2025-09-30T22:30:10.264+08:00","eventName":"n8n.node.started","message":"n8n.node.started","payload":{"workflowId":"I3musaDYyO2Ask6D","workflowName":"ExpenseTrackerBot","executionId":"3","nodeType":"n8n-nodes-base.code","nodeName":"Code in JavaScript1","nodeId":"e7dd1acc-acbc-41cd-b5dd-dd4f09d349cc"}}
{"__type":"$$EventMessageConfirm","confirm":"2d9d9c30-8df2-4392-b5b8-8117e8d56d51","ts":"2025-09-30T22:30:10.264+08:00","source":{"id":"0","name":"eventBus"}}
{"__type":"$$EventMessageRunner","id":"92a0050d-0922-49c6-bed5-165f147b004f","ts":"2025-09-30T22:30:10.266+08:00","eventName":"n8n.runner.task.requested","message":"n8n.runner.task.requested","payload":{"taskId":"i0M9ZPHT","nodeId":"e7dd1acc-acbc-41cd-b5dd-dd4f09d349cc","workflowId":"I3musaDYyO2Ask6D","executionId":"3"}}
{"__type":"$$EventMessageConfirm","confirm":"92a0050d-0922-49c6-bed5-165f147b004f","ts":"2025-09-30T22:30:10.266+08:00","source":{"id":"0","name":"eventBus"}}
{"__type":"$$EventMessageRunner","id":"085eaf37-4e95-4be1-a4d8-6af5dd3dcbb1","ts":"2025-09-30T22:30:10.275+08:00","eventName":"n8n.runner.response.received","message":"n8n.runner.response.received","payload":{"taskId":"i0M9ZPHT","nodeId":"e7dd1acc-acbc-41cd-b5dd-dd4f09d349cc","workflowId":"I3musaDYyO2Ask6D","executionId":"3"}}
{"__type":"$$EventMessageConfirm","confirm":"085eaf37-4e95-4be1-a4d8-6af5dd3dcbb1","ts":"2025-09-30T22:30:10.276+08:00","source":{"id":"0","name":"eventBus"}}
{"__type":"$$EventMessageNode","id":"0c2639b7-27da-4e5d-aff6-fb6da79a0125","ts":"2025-09-30T22:30:10.276+08:00","eventName":"n8n.node.finished","message":"n8n.node.finished","payload":{"workflowId":"I3musaDYyO2Ask6D","workflowName":"ExpenseTrackerBot","executionId":"3","nodeType":"n8n-nodes-base.code","nodeName":"Code in JavaScript1","nodeId":"e7dd1acc-acbc-41cd-b5dd-dd4f09d349cc"}}
{"__type":"$$EventMessageConfirm","confirm":"0c2639b7-27da-4e5d-aff6-fb6da79a0125","ts":"2025-09-30T22:30:10.276+08:00","source":{"id":"0","name":"eventBus"}}
{"__type":"$$EventMessageNode","id":"2f918bdd-2f92-409e-bce9-ec170d89099f","ts":"2025-09-30T22:30:10.276+08:00","eventName":"n8n.node.started","message":"n8n.node.started","payload":{"workflowId":"I3musaDYyO2Ask6D","workflowName":"ExpenseTrackerBot","executionId":"3","nodeType":"n8n-nodes-base.code","nodeName":"Code in JavaScript2","nodeId":"eb10cc3c-ebe7-4a3b-b9f5-92202d59e5fb"}}
{"__type":"$$EventMessageConfirm","confirm":"2f918bdd-2f92-409e-bce9-ec170d89099f","ts":"2025-09-30T22:30:10.276+08:00","source":{"id":"0","name":"eventBus"}}
{"__type":"$$EventMessageRunner","id":"44211baf-57df-4827-a596-0c699df8e6a7","ts":"2025-09-30T22:30:10.278+08:00","eventName":"n8n.runner.task.requested","message":"n8n.runner.task.requested","payload":{"taskId":"kC-NnRXE","nodeId":"eb10cc3c-ebe7-4a3b-b9f5-92202d59e5fb","workflowId":"I3musaDYyO2Ask6D","executionId":"3"}}
{"__type":"$$EventMessageConfirm","confirm":"44211baf-57df-4827-a596-0c699df8e6a7","ts":"2025-09-30T22:30:10.278+08:00","source":{"id":"0","name":"eventBus"}}
{"__type":"$$EventMessageRunner","id":"68cc01e6-3a7f-4556-8ed4-56f47562951c","ts":"2025-09-30T22:30:10.282+08:00","eventName":"n8n.runner.response.received","message":"n8n.runner.response.received","payload":{"taskId":"kC-NnRXE","nodeId":"eb10cc3c-ebe7-4a3b-b9f5-92202d59e5fb","workflowId":"I3musaDYyO2Ask6D","executionId":"3"}}
{"__type":"$$EventMessageConfirm","confirm":"68cc01e6-3a7f-4556-8ed4-56f47562951c","ts":"2025-09-30T22:30:10.282+08:00","source":{"id":"0","name":"eventBus"}}
{"__type":"$$EventMessageNode","id":"d6edadd7-fc48-43bf-a7ed-54603cd80241","ts":"2025-09-30T22:30:10.283+08:00","eventName":"n8n.node.finished","message":"n8n.node.finished","payload":{"workflowId":"I3musaDYyO2Ask6D","workflowName":"ExpenseTrackerBot","executionId":"3","nodeType":"n8n-nodes-base.code","nodeName":"Code in JavaScript2","nodeId":"eb10cc3c-ebe7-4a3b-b9f5-92202d59e5fb"}}
{"__type":"$$EventMessageConfirm","confirm":"d6edadd7-fc48-43bf-a7ed-54603cd80241","ts":"2025-09-30T22:30:10.283+08:00","source":{"id":"0","name":"eventBus"}}
{"__type":"$$EventMessageNode","id":"c5328158-405b-43c1-bb7d-3580a4179f9e","ts":"2025-09-30T22:30:10.283+08:00","eventName":"n8n.node.started","message":"n8n.node.started","payload":{"workflowId":"I3musaDYyO2Ask6D","workflowName":"ExpenseTrackerBot","executionId":"3","nodeType":"n8n-nodes-base.if","nodeName":"If","nodeId":"08a8609f-5cc1-4632-a3b7-7f5ba96c7d85"}}
{"__type":"$$EventMessageConfirm","confirm":"c5328158-405b-43c1-bb7d-3580a4179f9e","ts":"2025-09-30T22:30:10.283+08:00","source":{"id":"0","name":"eventBus"}}
{"__type":"$$EventMessageNode","id":"ebb9d7c9-d51c-4c37-9d75-980941541522","ts":"2025-09-30T22:30:10.289+08:00","eventName":"n8n.node.finished","message":"n8n.node.finished","payload":{"workflowId":"I3musaDYyO2Ask6D","workflowName":"ExpenseTrackerBot","executionId":"3","nodeType":"n8n-nodes-base.if","nodeName":"If","nodeId":"08a8609f-5cc1-4632-a3b7-7f5ba96c7d85"}}
{"__type":"$$EventMessageConfirm","confirm":"ebb9d7c9-d51c-4c37-9d75-980941541522","ts":"2025-09-30T22:30:10.289+08:00","source":{"id":"0","name":"eventBus"}}
{"__type":"$$EventMessageNode","id":"ea5617f1-3ab5-4417-baf0-3aa571b86742","ts":"2025-09-30T22:30:10.289+08:00","eventName":"n8n.node.started","message":"n8n.node.started","payload":{"workflowId":"I3musaDYyO2Ask6D","workflowName":"ExpenseTrackerBot","executionId":"3","nodeType":"n8n-nodes-base.httpRequest","nodeName":"HTTP Request2","nodeId":"5457fd7c-18fa-46f9-aa48-b5b790cee8e4"}}
{"__type":"$$EventMessageConfirm","confirm":"ea5617f1-3ab5-4417-baf0-3aa571b86742","ts":"2025-09-30T22:30:10.289+08:00","source":{"id":"0","name":"eventBus"}}
{"__type":"$$EventMessageNode","id":"9c8108b2-ec02-497f-8837-35bb283a3714","ts":"2025-09-30T22:30:10.764+08:00","eventName":"n8n.node.finished","message":"n8n.node.finished","payload":{"workflowId":"I3musaDYyO2Ask6D","workflowName":"ExpenseTrackerBot","executionId":"3","nodeType":"n8n-nodes-base.httpRequest","nodeName":"HTTP Request2","nodeId":"5457fd7c-18fa-46f9-aa48-b5b790cee8e4"}}
{"__type":"$$EventMessageConfirm","confirm":"9c8108b2-ec02-497f-8837-35bb283a3714","ts":"2025-09-30T22:30:10.764+08:00","source":{"id":"0","name":"eventBus"}}
{"__type":"$$EventMessageWorkflow","id":"3fa55bda-eaf7-43e3-ac4a-03149a8790c0","ts":"2025-09-30T22:30:10.769+08:00","eventName":"n8n.workflow.success","message":"n8n.workflow.success","payload":{"userId":"01b8d7cf-a47e-4ad6-9fd6-27bb4a68b19c","executionId":"3","success":true,"isManual":true,"workflowId":"I3musaDYyO2Ask6D","workflowName":"ExpenseTrackerBot"}}
{"__type":"$$EventMessageConfirm","confirm":"3fa55bda-eaf7-43e3-ac4a-03149a8790c0","ts":"2025-09-30T22:30:10.769+08:00","source":{"id":"0","name":"eventBus"}}
{"__type":"$$EventMessageWorkflow","id":"2538a9d1-0642-4cba-b5dd-8dcf5685f48e","ts":"2025-09-30T22:30:24.829+08:00","eventName":"n8n.workflow.started","message":"n8n.workflow.started","payload":{"executionId":"4","workflowId":"I3musaDYyO2Ask6D","isManual":false,"workflowName":"ExpenseTrackerBot"}}
{"__type":"$$EventMessageConfirm","confirm":"2538a9d1-0642-4cba-b5dd-8dcf5685f48e","ts":"2025-09-30T22:30:24.830+08:00","source":{"id":"0","name":"eventBus"}}
{"__type":"$$EventMessageWorkflow","id":"630f2efa-d5f8-4b1a-af47-b364e4e246f0","ts":"2025-09-30T22:30:24.837+08:00","eventName":"n8n.workflow.success","message":"n8n.workflow.success","payload":{"userId":"01b8d7cf-a47e-4ad6-9fd6-27bb4a68b19c","executionId":"4","success":true,"isManual":true,"workflowId":"I3musaDYyO2Ask6D","workflowName":"ExpenseTrackerBot"}}
{"__type":"$$EventMessageConfirm","confirm":"630f2efa-d5f8-4b1a-af47-b364e4e246f0","ts":"2025-09-30T22:30:24.837+08:00","source":{"id":"0","name":"eventBus"}}
{"__type":"$$EventMessageAudit","id":"e49f6a83-130e-4b62-ae91-1717b45eaf2a","ts":"2025-09-30T22:34:01.332+08:00","eventName":"n8n.audit.workflow.updated","message":"n8n.audit.workflow.updated","payload":{"userId":"01b8d7cf-a47e-4ad6-9fd6-27bb4a68b19c","_email":"dearlavion@gmail.com","_firstName":"Dear","_lastName":"Lavion","globalRole":"global:owner","workflowId":"I3musaDYyO2Ask6D","workflowName":"ExpenseTrackerBot"}}
{"__type":"$$EventMessageConfirm","confirm":"e49f6a83-130e-4b62-ae91-1717b45eaf2a","ts":"2025-09-30T22:34:01.334+08:00","source":{"id":"0","name":"eventBus"}}
